<?xml version="1.0"?>
<!DOCTYPE coverage SYSTEM "http://cobertura.sourceforge.net/xml/coverage-04.dtd">

<coverage line-rate="0.0" branch-rate="0.0" lines-covered="0" lines-valid="418" branches-covered="0" branches-valid="20" complexity="1.0440251572327044" version="2.1.1" timestamp="1482288746637">
	<sources>
		<source>D:/git/dragon/dragon-sharding-datasource/src/main/java</source>
		<source>--source</source>
	</sources>
	<packages>
		<package name="com.tianshouzhi.dragon.sharding.jdbc.connection" line-rate="0.0" branch-rate="0.0" complexity="1.0606060606060606">
			<classes>
				<class name="com.tianshouzhi.dragon.sharding.jdbc.connection.DragonShardingConnection" filename="com/tianshouzhi/dragon/sharding/jdbc/connection/DragonShardingConnection.java" line-rate="0.0" branch-rate="0.0" complexity="1.0606060606060606">
					<methods>
						<method name="&lt;init&gt;" signature="(Ljava/lang/String;Ljava/lang/String;Lcom/tianshouzhi/dragon/sharding/jdbc/datasource/ShardingDataSourceManager;)V" line-rate="0.0" branch-rate="0.0" complexity="0">
							<lines>
								<line number="19" hits="0" branch="false"/>
								<line number="20" hits="0" branch="true" condition-coverage="0% (0/2)">
									<conditions>
										<condition number="0" type="jump" coverage="0%"/>
									</conditions>
								</line>
								<line number="21" hits="0" branch="false"/>
								<line number="23" hits="0" branch="false"/>
								<line number="24" hits="0" branch="false"/>
							</lines>
						</method>
						<method name="clearWarnings" signature="()V" line-rate="0.0" branch-rate="1.0" complexity="0">
							<lines>
								<line number="112" hits="0" branch="false"/>
							</lines>
						</method>
						<method name="close" signature="()V" line-rate="0.0" branch-rate="1.0" complexity="0">
							<lines>
								<line number="97" hits="0" branch="false"/>
							</lines>
						</method>
						<method name="commit" signature="()V" line-rate="0.0" branch-rate="1.0" complexity="0">
							<lines>
								<line number="87" hits="0" branch="false"/>
							</lines>
						</method>
						<method name="createArrayOf" signature="(Ljava/lang/String;[Ljava/lang/Object;)Ljava/sql/Array;" line-rate="0.0" branch-rate="1.0" complexity="0">
							<lines>
								<line number="171" hits="0" branch="false"/>
							</lines>
						</method>
						<method name="createBlob" signature="()Ljava/sql/Blob;" line-rate="0.0" branch-rate="1.0" complexity="0">
							<lines>
								<line number="141" hits="0" branch="false"/>
							</lines>
						</method>
						<method name="createClob" signature="()Ljava/sql/Clob;" line-rate="0.0" branch-rate="1.0" complexity="0">
							<lines>
								<line number="136" hits="0" branch="false"/>
							</lines>
						</method>
						<method name="createNClob" signature="()Ljava/sql/NClob;" line-rate="0.0" branch-rate="1.0" complexity="0">
							<lines>
								<line number="146" hits="0" branch="false"/>
							</lines>
						</method>
						<method name="createSQLXML" signature="()Ljava/sql/SQLXML;" line-rate="0.0" branch-rate="1.0" complexity="0">
							<lines>
								<line number="151" hits="0" branch="false"/>
							</lines>
						</method>
						<method name="createStatement" signature="()Ljava/sql/Statement;" line-rate="0.0" branch-rate="1.0" complexity="0">
							<lines>
								<line number="28" hits="0" branch="false"/>
							</lines>
						</method>
						<method name="createStatement" signature="(II)Ljava/sql/Statement;" line-rate="0.0" branch-rate="1.0" complexity="0">
							<lines>
								<line number="32" hits="0" branch="false"/>
							</lines>
						</method>
						<method name="createStatement" signature="(III)Ljava/sql/Statement;" line-rate="0.0" branch-rate="1.0" complexity="0">
							<lines>
								<line number="36" hits="0" branch="false"/>
							</lines>
						</method>
						<method name="createStruct" signature="(Ljava/lang/String;[Ljava/lang/Object;)Ljava/sql/Struct;" line-rate="0.0" branch-rate="1.0" complexity="0">
							<lines>
								<line number="176" hits="0" branch="false"/>
							</lines>
						</method>
						<method name="getClientInfo" signature="()Ljava/util/Properties;" line-rate="0.0" branch-rate="1.0" complexity="0">
							<lines>
								<line number="166" hits="0" branch="false"/>
							</lines>
						</method>
						<method name="getClientInfo" signature="(Ljava/lang/String;)Ljava/lang/String;" line-rate="0.0" branch-rate="1.0" complexity="0">
							<lines>
								<line number="161" hits="0" branch="false"/>
							</lines>
						</method>
						<method name="getMetaData" signature="()Ljava/sql/DatabaseMetaData;" line-rate="0.0" branch-rate="1.0" complexity="0">
							<lines>
								<line number="101" hits="0" branch="false"/>
							</lines>
						</method>
						<method name="getWarnings" signature="()Ljava/sql/SQLWarning;" line-rate="0.0" branch-rate="1.0" complexity="0">
							<lines>
								<line number="106" hits="0" branch="false"/>
							</lines>
						</method>
						<method name="isValid" signature="(I)Z" line-rate="0.0" branch-rate="1.0" complexity="0">
							<lines>
								<line number="156" hits="0" branch="false"/>
							</lines>
						</method>
						<method name="nativeSQL" signature="(Ljava/lang/String;)Ljava/lang/String;" line-rate="0.0" branch-rate="1.0" complexity="0">
							<lines>
								<line number="81" hits="0" branch="false"/>
							</lines>
						</method>
						<method name="prepareCall" signature="(Ljava/lang/String;)Ljava/sql/CallableStatement;" line-rate="0.0" branch-rate="1.0" complexity="0">
							<lines>
								<line number="67" hits="0" branch="false"/>
							</lines>
						</method>
						<method name="prepareCall" signature="(Ljava/lang/String;II)Ljava/sql/CallableStatement;" line-rate="0.0" branch-rate="1.0" complexity="0">
							<lines>
								<line number="71" hits="0" branch="false"/>
							</lines>
						</method>
						<method name="prepareCall" signature="(Ljava/lang/String;III)Ljava/sql/CallableStatement;" line-rate="0.0" branch-rate="1.0" complexity="0">
							<lines>
								<line number="75" hits="0" branch="false"/>
							</lines>
						</method>
						<method name="prepareStatement" signature="(Ljava/lang/String;)Lcom/tianshouzhi/dragon/sharding/jdbc/statement/DragonShardingPrepareStatement;" line-rate="0.0" branch-rate="1.0" complexity="0">
							<lines>
								<line number="41" hits="0" branch="false"/>
							</lines>
						</method>
						<method name="prepareStatement" signature="(Ljava/lang/String;)Ljava/sql/PreparedStatement;" line-rate="0.0" branch-rate="1.0" complexity="0">
							<lines>
								<line number="14" hits="0" branch="false"/>
							</lines>
						</method>
						<method name="prepareStatement" signature="(Ljava/lang/String;I)Ljava/sql/PreparedStatement;" line-rate="0.0" branch-rate="1.0" complexity="0">
							<lines>
								<line number="53" hits="0" branch="false"/>
							</lines>
						</method>
						<method name="prepareStatement" signature="(Ljava/lang/String;II)Ljava/sql/PreparedStatement;" line-rate="0.0" branch-rate="1.0" complexity="0">
							<lines>
								<line number="45" hits="0" branch="false"/>
							</lines>
						</method>
						<method name="prepareStatement" signature="(Ljava/lang/String;III)Ljava/sql/PreparedStatement;" line-rate="0.0" branch-rate="1.0" complexity="0">
							<lines>
								<line number="49" hits="0" branch="false"/>
							</lines>
						</method>
						<method name="prepareStatement" signature="(Ljava/lang/String;[I)Ljava/sql/PreparedStatement;" line-rate="0.0" branch-rate="1.0" complexity="0">
							<lines>
								<line number="58" hits="0" branch="false"/>
							</lines>
						</method>
						<method name="prepareStatement" signature="(Ljava/lang/String;[Ljava/lang/String;)Ljava/sql/PreparedStatement;" line-rate="0.0" branch-rate="1.0" complexity="0">
							<lines>
								<line number="63" hits="0" branch="false"/>
							</lines>
						</method>
						<method name="releaseSavepoint" signature="(Ljava/sql/Savepoint;)V" line-rate="0.0" branch-rate="1.0" complexity="0">
							<lines>
								<line number="132" hits="0" branch="false"/>
							</lines>
						</method>
						<method name="rollback" signature="()V" line-rate="0.0" branch-rate="1.0" complexity="0">
							<lines>
								<line number="92" hits="0" branch="false"/>
							</lines>
						</method>
						<method name="rollback" signature="(Ljava/sql/Savepoint;)V" line-rate="0.0" branch-rate="1.0" complexity="0">
							<lines>
								<line number="127" hits="0" branch="false"/>
							</lines>
						</method>
						<method name="setSavepoint" signature="()Ljava/sql/Savepoint;" line-rate="0.0" branch-rate="1.0" complexity="0">
							<lines>
								<line number="116" hits="0" branch="false"/>
							</lines>
						</method>
						<method name="setSavepoint" signature="(Ljava/lang/String;)Ljava/sql/Savepoint;" line-rate="0.0" branch-rate="1.0" complexity="0">
							<lines>
								<line number="121" hits="0" branch="false"/>
							</lines>
						</method>
					</methods>
					<lines>
						<line number="14" hits="0" branch="false"/>
						<line number="19" hits="0" branch="false"/>
						<line number="20" hits="0" branch="true" condition-coverage="0% (0/2)">
							<conditions>
								<condition number="0" type="jump" coverage="0%"/>
							</conditions>
						</line>
						<line number="21" hits="0" branch="false"/>
						<line number="23" hits="0" branch="false"/>
						<line number="24" hits="0" branch="false"/>
						<line number="28" hits="0" branch="false"/>
						<line number="32" hits="0" branch="false"/>
						<line number="36" hits="0" branch="false"/>
						<line number="41" hits="0" branch="false"/>
						<line number="45" hits="0" branch="false"/>
						<line number="49" hits="0" branch="false"/>
						<line number="53" hits="0" branch="false"/>
						<line number="58" hits="0" branch="false"/>
						<line number="63" hits="0" branch="false"/>
						<line number="67" hits="0" branch="false"/>
						<line number="71" hits="0" branch="false"/>
						<line number="75" hits="0" branch="false"/>
						<line number="81" hits="0" branch="false"/>
						<line number="87" hits="0" branch="false"/>
						<line number="92" hits="0" branch="false"/>
						<line number="97" hits="0" branch="false"/>
						<line number="101" hits="0" branch="false"/>
						<line number="106" hits="0" branch="false"/>
						<line number="112" hits="0" branch="false"/>
						<line number="116" hits="0" branch="false"/>
						<line number="121" hits="0" branch="false"/>
						<line number="127" hits="0" branch="false"/>
						<line number="132" hits="0" branch="false"/>
						<line number="136" hits="0" branch="false"/>
						<line number="141" hits="0" branch="false"/>
						<line number="146" hits="0" branch="false"/>
						<line number="151" hits="0" branch="false"/>
						<line number="156" hits="0" branch="false"/>
						<line number="161" hits="0" branch="false"/>
						<line number="166" hits="0" branch="false"/>
						<line number="171" hits="0" branch="false"/>
						<line number="176" hits="0" branch="false"/>
					</lines>
				</class>
			</classes>
		</package>
		<package name="com.tianshouzhi.dragon.sharding.jdbc.datasource" line-rate="0.0" branch-rate="0.0" complexity="1.3333333333333333">
			<classes>
				<class name="com.tianshouzhi.dragon.sharding.jdbc.datasource.DragonShardingDataSource" filename="com/tianshouzhi/dragon/sharding/jdbc/datasource/DragonShardingDataSource.java" line-rate="0.0" branch-rate="1.0" complexity="1.0">
					<methods>
						<method name="&lt;init&gt;" signature="()V" line-rate="0.0" branch-rate="1.0" complexity="0">
							<lines>
								<line number="12" hits="0" branch="false"/>
							</lines>
						</method>
						<method name="getConnection" signature="(Ljava/lang/String;Ljava/lang/String;)Ljava/sql/Connection;" line-rate="0.0" branch-rate="1.0" complexity="0">
							<lines>
								<line number="17" hits="0" branch="false"/>
							</lines>
						</method>
					</methods>
					<lines>
						<line number="12" hits="0" branch="false"/>
						<line number="17" hits="0" branch="false"/>
					</lines>
				</class>
				<class name="com.tianshouzhi.dragon.sharding.jdbc.datasource.ShardingDataSourceManager" filename="com/tianshouzhi/dragon/sharding/jdbc/datasource/ShardingDataSourceManager.java" line-rate="0.0" branch-rate="0.0" complexity="1.5">
					<methods>
						<method name="&lt;init&gt;" signature="()V" line-rate="0.0" branch-rate="1.0" complexity="0">
							<lines>
								<line number="13" hits="0" branch="false"/>
								<line number="14" hits="0" branch="false"/>
							</lines>
						</method>
						<method name="getDragonHADatasource" signature="(Ljava/lang/String;)Lcom/tianshouzhi/dragon/ha/jdbc/datasource/DragonHADatasource;" line-rate="0.0" branch-rate="1.0" complexity="0">
							<lines>
								<line number="16" hits="0" branch="false"/>
							</lines>
						</method>
						<method name="getDragonHADatasource" signature="([Ljava/lang/String;)Ljava/util/Map;" line-rate="0.0" branch-rate="0.0" complexity="0">
							<lines>
								<line number="19" hits="0" branch="false"/>
								<line number="20" hits="0" branch="true" condition-coverage="0% (0/2)">
									<conditions>
										<condition number="0" type="jump" coverage="0%"/>
									</conditions>
								</line>
								<line number="21" hits="0" branch="false"/>
								<line number="23" hits="0" branch="false"/>
							</lines>
						</method>
					</methods>
					<lines>
						<line number="13" hits="0" branch="false"/>
						<line number="14" hits="0" branch="false"/>
						<line number="16" hits="0" branch="false"/>
						<line number="19" hits="0" branch="false"/>
						<line number="20" hits="0" branch="true" condition-coverage="0% (0/2)">
							<conditions>
								<condition number="0" type="jump" coverage="0%"/>
							</conditions>
						</line>
						<line number="21" hits="0" branch="false"/>
						<line number="23" hits="0" branch="false"/>
					</lines>
				</class>
			</classes>
		</package>
		<package name="com.tianshouzhi.dragon.sharding.jdbc.resultset" line-rate="0.0" branch-rate="1.0" complexity="1.0">
			<classes>
				<class name="com.tianshouzhi.dragon.sharding.jdbc.resultset.DragonResultSet" filename="com/tianshouzhi/dragon/sharding/jdbc/resultset/DragonResultSet.java" line-rate="0.0" branch-rate="1.0" complexity="1.0">
					<methods>
						<method name="&lt;init&gt;" signature="()V" line-rate="0.0" branch-rate="1.0" complexity="0">
							<lines>
								<line number="16" hits="0" branch="false"/>
							</lines>
						</method>
						<method name="absolute" signature="(I)Z" line-rate="0.0" branch-rate="1.0" complexity="0">
							<lines>
								<line number="294" hits="0" branch="false"/>
							</lines>
						</method>
						<method name="afterLast" signature="()V" line-rate="0.0" branch-rate="1.0" complexity="0">
							<lines>
								<line number="275" hits="0" branch="false"/>
							</lines>
						</method>
						<method name="beforeFirst" signature="()V" line-rate="0.0" branch-rate="1.0" complexity="0">
							<lines>
								<line number="270" hits="0" branch="false"/>
							</lines>
						</method>
						<method name="cancelRowUpdates" signature="()V" line-rate="0.0" branch-rate="1.0" complexity="0">
							<lines>
								<line number="565" hits="0" branch="false"/>
							</lines>
						</method>
						<method name="clearWarnings" signature="()V" line-rate="0.0" branch-rate="1.0" complexity="0">
							<lines>
								<line number="200" hits="0" branch="false"/>
							</lines>
						</method>
						<method name="close" signature="()V" line-rate="0.0" branch-rate="1.0" complexity="0">
							<lines>
								<line number="25" hits="0" branch="false"/>
							</lines>
						</method>
						<method name="deleteRow" signature="()V" line-rate="0.0" branch-rate="1.0" complexity="0">
							<lines>
								<line number="555" hits="0" branch="false"/>
							</lines>
						</method>
						<method name="findColumn" signature="(Ljava/lang/String;)I" line-rate="0.0" branch-rate="1.0" complexity="0">
							<lines>
								<line number="224" hits="0" branch="false"/>
							</lines>
						</method>
						<method name="first" signature="()Z" line-rate="0.0" branch-rate="1.0" complexity="0">
							<lines>
								<line number="279" hits="0" branch="false"/>
							</lines>
						</method>
						<method name="getArray" signature="(I)Ljava/sql/Array;" line-rate="0.0" branch-rate="1.0" complexity="0">
							<lines>
								<line number="604" hits="0" branch="false"/>
							</lines>
						</method>
						<method name="getArray" signature="(Ljava/lang/String;)Ljava/sql/Array;" line-rate="0.0" branch-rate="1.0" complexity="0">
							<lines>
								<line number="629" hits="0" branch="false"/>
							</lines>
						</method>
						<method name="getAsciiStream" signature="(I)Ljava/io/InputStream;" line-rate="0.0" branch-rate="1.0" complexity="0">
							<lines>
								<line number="99" hits="0" branch="false"/>
							</lines>
						</method>
						<method name="getAsciiStream" signature="(Ljava/lang/String;)Ljava/io/InputStream;" line-rate="0.0" branch-rate="1.0" complexity="0">
							<lines>
								<line number="179" hits="0" branch="false"/>
							</lines>
						</method>
						<method name="getBigDecimal" signature="(I)Ljava/math/BigDecimal;" line-rate="0.0" branch-rate="1.0" complexity="0">
							<lines>
								<line number="239" hits="0" branch="false"/>
							</lines>
						</method>
						<method name="getBigDecimal" signature="(II)Ljava/math/BigDecimal;" line-rate="0.0" branch-rate="1.0" complexity="0">
							<lines>
								<line number="74" hits="0" branch="false"/>
							</lines>
						</method>
						<method name="getBigDecimal" signature="(Ljava/lang/String;)Ljava/math/BigDecimal;" line-rate="0.0" branch-rate="1.0" complexity="0">
							<lines>
								<line number="244" hits="0" branch="false"/>
							</lines>
						</method>
						<method name="getBigDecimal" signature="(Ljava/lang/String;I)Ljava/math/BigDecimal;" line-rate="0.0" branch-rate="1.0" complexity="0">
							<lines>
								<line number="154" hits="0" branch="false"/>
							</lines>
						</method>
						<method name="getBinaryStream" signature="(I)Ljava/io/InputStream;" line-rate="0.0" branch-rate="1.0" complexity="0">
							<lines>
								<line number="109" hits="0" branch="false"/>
							</lines>
						</method>
						<method name="getBinaryStream" signature="(Ljava/lang/String;)Ljava/io/InputStream;" line-rate="0.0" branch-rate="1.0" complexity="0">
							<lines>
								<line number="189" hits="0" branch="false"/>
							</lines>
						</method>
						<method name="getBlob" signature="(I)Ljava/sql/Blob;" line-rate="0.0" branch-rate="1.0" complexity="0">
							<lines>
								<line number="594" hits="0" branch="false"/>
							</lines>
						</method>
						<method name="getBlob" signature="(Ljava/lang/String;)Ljava/sql/Blob;" line-rate="0.0" branch-rate="1.0" complexity="0">
							<lines>
								<line number="619" hits="0" branch="false"/>
							</lines>
						</method>
						<method name="getBoolean" signature="(I)Z" line-rate="0.0" branch-rate="1.0" complexity="0">
							<lines>
								<line number="39" hits="0" branch="false"/>
							</lines>
						</method>
						<method name="getBoolean" signature="(Ljava/lang/String;)Z" line-rate="0.0" branch-rate="1.0" complexity="0">
							<lines>
								<line number="119" hits="0" branch="false"/>
							</lines>
						</method>
						<method name="getByte" signature="(I)B" line-rate="0.0" branch-rate="1.0" complexity="0">
							<lines>
								<line number="44" hits="0" branch="false"/>
							</lines>
						</method>
						<method name="getByte" signature="(Ljava/lang/String;)B" line-rate="0.0" branch-rate="1.0" complexity="0">
							<lines>
								<line number="124" hits="0" branch="false"/>
							</lines>
						</method>
						<method name="getBytes" signature="(I)[B" line-rate="0.0" branch-rate="1.0" complexity="0">
							<lines>
								<line number="79" hits="0" branch="false"/>
							</lines>
						</method>
						<method name="getBytes" signature="(Ljava/lang/String;)[B" line-rate="0.0" branch-rate="1.0" complexity="0">
							<lines>
								<line number="159" hits="0" branch="false"/>
							</lines>
						</method>
						<method name="getCharacterStream" signature="(I)Ljava/io/Reader;" line-rate="0.0" branch-rate="1.0" complexity="0">
							<lines>
								<line number="229" hits="0" branch="false"/>
							</lines>
						</method>
						<method name="getCharacterStream" signature="(Ljava/lang/String;)Ljava/io/Reader;" line-rate="0.0" branch-rate="1.0" complexity="0">
							<lines>
								<line number="234" hits="0" branch="false"/>
							</lines>
						</method>
						<method name="getClob" signature="(I)Ljava/sql/Clob;" line-rate="0.0" branch-rate="1.0" complexity="0">
							<lines>
								<line number="599" hits="0" branch="false"/>
							</lines>
						</method>
						<method name="getClob" signature="(Ljava/lang/String;)Ljava/sql/Clob;" line-rate="0.0" branch-rate="1.0" complexity="0">
							<lines>
								<line number="624" hits="0" branch="false"/>
							</lines>
						</method>
						<method name="getConcurrency" signature="()I" line-rate="0.0" branch-rate="1.0" complexity="0">
							<lines>
								<line number="334" hits="0" branch="false"/>
							</lines>
						</method>
						<method name="getCursorName" signature="()Ljava/lang/String;" line-rate="0.0" branch-rate="1.0" complexity="0">
							<lines>
								<line number="204" hits="0" branch="false"/>
							</lines>
						</method>
						<method name="getDate" signature="(I)Ljava/sql/Date;" line-rate="0.0" branch-rate="1.0" complexity="0">
							<lines>
								<line number="84" hits="0" branch="false"/>
							</lines>
						</method>
						<method name="getDate" signature="(ILjava/util/Calendar;)Ljava/sql/Date;" line-rate="0.0" branch-rate="1.0" complexity="0">
							<lines>
								<line number="634" hits="0" branch="false"/>
							</lines>
						</method>
						<method name="getDate" signature="(Ljava/lang/String;)Ljava/sql/Date;" line-rate="0.0" branch-rate="1.0" complexity="0">
							<lines>
								<line number="164" hits="0" branch="false"/>
							</lines>
						</method>
						<method name="getDate" signature="(Ljava/lang/String;Ljava/util/Calendar;)Ljava/sql/Date;" line-rate="0.0" branch-rate="1.0" complexity="0">
							<lines>
								<line number="639" hits="0" branch="false"/>
							</lines>
						</method>
						<method name="getDouble" signature="(I)D" line-rate="0.0" branch-rate="1.0" complexity="0">
							<lines>
								<line number="69" hits="0" branch="false"/>
							</lines>
						</method>
						<method name="getDouble" signature="(Ljava/lang/String;)D" line-rate="0.0" branch-rate="1.0" complexity="0">
							<lines>
								<line number="149" hits="0" branch="false"/>
							</lines>
						</method>
						<method name="getFetchDirection" signature="()I" line-rate="0.0" branch-rate="1.0" complexity="0">
							<lines>
								<line number="314" hits="0" branch="false"/>
							</lines>
						</method>
						<method name="getFetchSize" signature="()I" line-rate="0.0" branch-rate="1.0" complexity="0">
							<lines>
								<line number="324" hits="0" branch="false"/>
							</lines>
						</method>
						<method name="getFloat" signature="(I)F" line-rate="0.0" branch-rate="1.0" complexity="0">
							<lines>
								<line number="64" hits="0" branch="false"/>
							</lines>
						</method>
						<method name="getFloat" signature="(Ljava/lang/String;)F" line-rate="0.0" branch-rate="1.0" complexity="0">
							<lines>
								<line number="144" hits="0" branch="false"/>
							</lines>
						</method>
						<method name="getHoldability" signature="()I" line-rate="0.0" branch-rate="1.0" complexity="0">
							<lines>
								<line number="734" hits="0" branch="false"/>
							</lines>
						</method>
						<method name="getInt" signature="(I)I" line-rate="0.0" branch-rate="1.0" complexity="0">
							<lines>
								<line number="54" hits="0" branch="false"/>
							</lines>
						</method>
						<method name="getInt" signature="(Ljava/lang/String;)I" line-rate="0.0" branch-rate="1.0" complexity="0">
							<lines>
								<line number="134" hits="0" branch="false"/>
							</lines>
						</method>
						<method name="getLong" signature="(I)J" line-rate="0.0" branch-rate="1.0" complexity="0">
							<lines>
								<line number="59" hits="0" branch="false"/>
							</lines>
						</method>
						<method name="getLong" signature="(Ljava/lang/String;)J" line-rate="0.0" branch-rate="1.0" complexity="0">
							<lines>
								<line number="139" hits="0" branch="false"/>
							</lines>
						</method>
						<method name="getMetaData" signature="()Ljava/sql/ResultSetMetaData;" line-rate="0.0" branch-rate="1.0" complexity="0">
							<lines>
								<line number="209" hits="0" branch="false"/>
							</lines>
						</method>
						<method name="getNCharacterStream" signature="(I)Ljava/io/Reader;" line-rate="0.0" branch-rate="1.0" complexity="0">
							<lines>
								<line number="804" hits="0" branch="false"/>
							</lines>
						</method>
						<method name="getNCharacterStream" signature="(Ljava/lang/String;)Ljava/io/Reader;" line-rate="0.0" branch-rate="1.0" complexity="0">
							<lines>
								<line number="809" hits="0" branch="false"/>
							</lines>
						</method>
						<method name="getNClob" signature="(I)Ljava/sql/NClob;" line-rate="0.0" branch-rate="1.0" complexity="0">
							<lines>
								<line number="764" hits="0" branch="false"/>
							</lines>
						</method>
						<method name="getNClob" signature="(Ljava/lang/String;)Ljava/sql/NClob;" line-rate="0.0" branch-rate="1.0" complexity="0">
							<lines>
								<line number="769" hits="0" branch="false"/>
							</lines>
						</method>
						<method name="getNString" signature="(I)Ljava/lang/String;" line-rate="0.0" branch-rate="1.0" complexity="0">
							<lines>
								<line number="794" hits="0" branch="false"/>
							</lines>
						</method>
						<method name="getNString" signature="(Ljava/lang/String;)Ljava/lang/String;" line-rate="0.0" branch-rate="1.0" complexity="0">
							<lines>
								<line number="799" hits="0" branch="false"/>
							</lines>
						</method>
						<method name="getObject" signature="(I)Ljava/lang/Object;" line-rate="0.0" branch-rate="1.0" complexity="0">
							<lines>
								<line number="214" hits="0" branch="false"/>
							</lines>
						</method>
						<method name="getObject" signature="(ILjava/util/Map;)Ljava/lang/Object;" line-rate="0.0" branch-rate="1.0" complexity="0">
							<lines>
								<line number="584" hits="0" branch="false"/>
							</lines>
						</method>
						<method name="getObject" signature="(Ljava/lang/String;)Ljava/lang/Object;" line-rate="0.0" branch-rate="1.0" complexity="0">
							<lines>
								<line number="219" hits="0" branch="false"/>
							</lines>
						</method>
						<method name="getObject" signature="(Ljava/lang/String;Ljava/util/Map;)Ljava/lang/Object;" line-rate="0.0" branch-rate="1.0" complexity="0">
							<lines>
								<line number="609" hits="0" branch="false"/>
							</lines>
						</method>
						<method name="getRef" signature="(I)Ljava/sql/Ref;" line-rate="0.0" branch-rate="1.0" complexity="0">
							<lines>
								<line number="589" hits="0" branch="false"/>
							</lines>
						</method>
						<method name="getRef" signature="(Ljava/lang/String;)Ljava/sql/Ref;" line-rate="0.0" branch-rate="1.0" complexity="0">
							<lines>
								<line number="614" hits="0" branch="false"/>
							</lines>
						</method>
						<method name="getRow" signature="()I" line-rate="0.0" branch-rate="1.0" complexity="0">
							<lines>
								<line number="289" hits="0" branch="false"/>
							</lines>
						</method>
						<method name="getRowId" signature="(I)Ljava/sql/RowId;" line-rate="0.0" branch-rate="1.0" complexity="0">
							<lines>
								<line number="714" hits="0" branch="false"/>
							</lines>
						</method>
						<method name="getRowId" signature="(Ljava/lang/String;)Ljava/sql/RowId;" line-rate="0.0" branch-rate="1.0" complexity="0">
							<lines>
								<line number="719" hits="0" branch="false"/>
							</lines>
						</method>
						<method name="getSQLXML" signature="(I)Ljava/sql/SQLXML;" line-rate="0.0" branch-rate="1.0" complexity="0">
							<lines>
								<line number="774" hits="0" branch="false"/>
							</lines>
						</method>
						<method name="getSQLXML" signature="(Ljava/lang/String;)Ljava/sql/SQLXML;" line-rate="0.0" branch-rate="1.0" complexity="0">
							<lines>
								<line number="779" hits="0" branch="false"/>
							</lines>
						</method>
						<method name="getShort" signature="(I)S" line-rate="0.0" branch-rate="1.0" complexity="0">
							<lines>
								<line number="49" hits="0" branch="false"/>
							</lines>
						</method>
						<method name="getShort" signature="(Ljava/lang/String;)S" line-rate="0.0" branch-rate="1.0" complexity="0">
							<lines>
								<line number="129" hits="0" branch="false"/>
							</lines>
						</method>
						<method name="getStatement" signature="()Ljava/sql/Statement;" line-rate="0.0" branch-rate="1.0" complexity="0">
							<lines>
								<line number="579" hits="0" branch="false"/>
							</lines>
						</method>
						<method name="getString" signature="(I)Ljava/lang/String;" line-rate="0.0" branch-rate="1.0" complexity="0">
							<lines>
								<line number="34" hits="0" branch="false"/>
							</lines>
						</method>
						<method name="getString" signature="(Ljava/lang/String;)Ljava/lang/String;" line-rate="0.0" branch-rate="1.0" complexity="0">
							<lines>
								<line number="114" hits="0" branch="false"/>
							</lines>
						</method>
						<method name="getTime" signature="(I)Ljava/sql/Time;" line-rate="0.0" branch-rate="1.0" complexity="0">
							<lines>
								<line number="89" hits="0" branch="false"/>
							</lines>
						</method>
						<method name="getTime" signature="(ILjava/util/Calendar;)Ljava/sql/Time;" line-rate="0.0" branch-rate="1.0" complexity="0">
							<lines>
								<line number="644" hits="0" branch="false"/>
							</lines>
						</method>
						<method name="getTime" signature="(Ljava/lang/String;)Ljava/sql/Time;" line-rate="0.0" branch-rate="1.0" complexity="0">
							<lines>
								<line number="169" hits="0" branch="false"/>
							</lines>
						</method>
						<method name="getTime" signature="(Ljava/lang/String;Ljava/util/Calendar;)Ljava/sql/Time;" line-rate="0.0" branch-rate="1.0" complexity="0">
							<lines>
								<line number="649" hits="0" branch="false"/>
							</lines>
						</method>
						<method name="getTimestamp" signature="(I)Ljava/sql/Timestamp;" line-rate="0.0" branch-rate="1.0" complexity="0">
							<lines>
								<line number="94" hits="0" branch="false"/>
							</lines>
						</method>
						<method name="getTimestamp" signature="(ILjava/util/Calendar;)Ljava/sql/Timestamp;" line-rate="0.0" branch-rate="1.0" complexity="0">
							<lines>
								<line number="654" hits="0" branch="false"/>
							</lines>
						</method>
						<method name="getTimestamp" signature="(Ljava/lang/String;)Ljava/sql/Timestamp;" line-rate="0.0" branch-rate="1.0" complexity="0">
							<lines>
								<line number="174" hits="0" branch="false"/>
							</lines>
						</method>
						<method name="getTimestamp" signature="(Ljava/lang/String;Ljava/util/Calendar;)Ljava/sql/Timestamp;" line-rate="0.0" branch-rate="1.0" complexity="0">
							<lines>
								<line number="659" hits="0" branch="false"/>
							</lines>
						</method>
						<method name="getType" signature="()I" line-rate="0.0" branch-rate="1.0" complexity="0">
							<lines>
								<line number="329" hits="0" branch="false"/>
							</lines>
						</method>
						<method name="getURL" signature="(I)Ljava/net/URL;" line-rate="0.0" branch-rate="1.0" complexity="0">
							<lines>
								<line number="664" hits="0" branch="false"/>
							</lines>
						</method>
						<method name="getURL" signature="(Ljava/lang/String;)Ljava/net/URL;" line-rate="0.0" branch-rate="1.0" complexity="0">
							<lines>
								<line number="669" hits="0" branch="false"/>
							</lines>
						</method>
						<method name="getUnicodeStream" signature="(I)Ljava/io/InputStream;" line-rate="0.0" branch-rate="1.0" complexity="0">
							<lines>
								<line number="104" hits="0" branch="false"/>
							</lines>
						</method>
						<method name="getUnicodeStream" signature="(Ljava/lang/String;)Ljava/io/InputStream;" line-rate="0.0" branch-rate="1.0" complexity="0">
							<lines>
								<line number="184" hits="0" branch="false"/>
							</lines>
						</method>
						<method name="getWarnings" signature="()Ljava/sql/SQLWarning;" line-rate="0.0" branch-rate="1.0" complexity="0">
							<lines>
								<line number="194" hits="0" branch="false"/>
							</lines>
						</method>
						<method name="insertRow" signature="()V" line-rate="0.0" branch-rate="1.0" complexity="0">
							<lines>
								<line number="545" hits="0" branch="false"/>
							</lines>
						</method>
						<method name="isAfterLast" signature="()Z" line-rate="0.0" branch-rate="1.0" complexity="0">
							<lines>
								<line number="254" hits="0" branch="false"/>
							</lines>
						</method>
						<method name="isBeforeFirst" signature="()Z" line-rate="0.0" branch-rate="1.0" complexity="0">
							<lines>
								<line number="249" hits="0" branch="false"/>
							</lines>
						</method>
						<method name="isClosed" signature="()Z" line-rate="0.0" branch-rate="1.0" complexity="0">
							<lines>
								<line number="739" hits="0" branch="false"/>
							</lines>
						</method>
						<method name="isFirst" signature="()Z" line-rate="0.0" branch-rate="1.0" complexity="0">
							<lines>
								<line number="259" hits="0" branch="false"/>
							</lines>
						</method>
						<method name="isLast" signature="()Z" line-rate="0.0" branch-rate="1.0" complexity="0">
							<lines>
								<line number="264" hits="0" branch="false"/>
							</lines>
						</method>
						<method name="last" signature="()Z" line-rate="0.0" branch-rate="1.0" complexity="0">
							<lines>
								<line number="284" hits="0" branch="false"/>
							</lines>
						</method>
						<method name="moveToCurrentRow" signature="()V" line-rate="0.0" branch-rate="1.0" complexity="0">
							<lines>
								<line number="575" hits="0" branch="false"/>
							</lines>
						</method>
						<method name="moveToInsertRow" signature="()V" line-rate="0.0" branch-rate="1.0" complexity="0">
							<lines>
								<line number="570" hits="0" branch="false"/>
							</lines>
						</method>
						<method name="next" signature="()Z" line-rate="0.0" branch-rate="1.0" complexity="0">
							<lines>
								<line number="19" hits="0" branch="false"/>
							</lines>
						</method>
						<method name="previous" signature="()Z" line-rate="0.0" branch-rate="1.0" complexity="0">
							<lines>
								<line number="304" hits="0" branch="false"/>
							</lines>
						</method>
						<method name="refreshRow" signature="()V" line-rate="0.0" branch-rate="1.0" complexity="0">
							<lines>
								<line number="560" hits="0" branch="false"/>
							</lines>
						</method>
						<method name="relative" signature="(I)Z" line-rate="0.0" branch-rate="1.0" complexity="0">
							<lines>
								<line number="299" hits="0" branch="false"/>
							</lines>
						</method>
						<method name="rowDeleted" signature="()Z" line-rate="0.0" branch-rate="1.0" complexity="0">
							<lines>
								<line number="349" hits="0" branch="false"/>
							</lines>
						</method>
						<method name="rowInserted" signature="()Z" line-rate="0.0" branch-rate="1.0" complexity="0">
							<lines>
								<line number="344" hits="0" branch="false"/>
							</lines>
						</method>
						<method name="rowUpdated" signature="()Z" line-rate="0.0" branch-rate="1.0" complexity="0">
							<lines>
								<line number="339" hits="0" branch="false"/>
							</lines>
						</method>
						<method name="setFetchDirection" signature="(I)V" line-rate="0.0" branch-rate="1.0" complexity="0">
							<lines>
								<line number="310" hits="0" branch="false"/>
							</lines>
						</method>
						<method name="setFetchSize" signature="(I)V" line-rate="0.0" branch-rate="1.0" complexity="0">
							<lines>
								<line number="320" hits="0" branch="false"/>
							</lines>
						</method>
						<method name="updateArray" signature="(ILjava/sql/Array;)V" line-rate="0.0" branch-rate="1.0" complexity="0">
							<lines>
								<line number="705" hits="0" branch="false"/>
							</lines>
						</method>
						<method name="updateArray" signature="(Ljava/lang/String;Ljava/sql/Array;)V" line-rate="0.0" branch-rate="1.0" complexity="0">
							<lines>
								<line number="710" hits="0" branch="false"/>
							</lines>
						</method>
						<method name="updateAsciiStream" signature="(ILjava/io/InputStream;)V" line-rate="0.0" branch-rate="1.0" complexity="0">
							<lines>
								<line number="895" hits="0" branch="false"/>
							</lines>
						</method>
						<method name="updateAsciiStream" signature="(ILjava/io/InputStream;I)V" line-rate="0.0" branch-rate="1.0" complexity="0">
							<lines>
								<line number="425" hits="0" branch="false"/>
							</lines>
						</method>
						<method name="updateAsciiStream" signature="(ILjava/io/InputStream;J)V" line-rate="0.0" branch-rate="1.0" complexity="0">
							<lines>
								<line number="825" hits="0" branch="false"/>
							</lines>
						</method>
						<method name="updateAsciiStream" signature="(Ljava/lang/String;Ljava/io/InputStream;)V" line-rate="0.0" branch-rate="1.0" complexity="0">
							<lines>
								<line number="910" hits="0" branch="false"/>
							</lines>
						</method>
						<method name="updateAsciiStream" signature="(Ljava/lang/String;Ljava/io/InputStream;I)V" line-rate="0.0" branch-rate="1.0" complexity="0">
							<lines>
								<line number="520" hits="0" branch="false"/>
							</lines>
						</method>
						<method name="updateAsciiStream" signature="(Ljava/lang/String;Ljava/io/InputStream;J)V" line-rate="0.0" branch-rate="1.0" complexity="0">
							<lines>
								<line number="840" hits="0" branch="false"/>
							</lines>
						</method>
						<method name="updateBigDecimal" signature="(ILjava/math/BigDecimal;)V" line-rate="0.0" branch-rate="1.0" complexity="0">
							<lines>
								<line number="395" hits="0" branch="false"/>
							</lines>
						</method>
						<method name="updateBigDecimal" signature="(Ljava/lang/String;Ljava/math/BigDecimal;)V" line-rate="0.0" branch-rate="1.0" complexity="0">
							<lines>
								<line number="490" hits="0" branch="false"/>
							</lines>
						</method>
						<method name="updateBinaryStream" signature="(ILjava/io/InputStream;)V" line-rate="0.0" branch-rate="1.0" complexity="0">
							<lines>
								<line number="900" hits="0" branch="false"/>
							</lines>
						</method>
						<method name="updateBinaryStream" signature="(ILjava/io/InputStream;I)V" line-rate="0.0" branch-rate="1.0" complexity="0">
							<lines>
								<line number="430" hits="0" branch="false"/>
							</lines>
						</method>
						<method name="updateBinaryStream" signature="(ILjava/io/InputStream;J)V" line-rate="0.0" branch-rate="1.0" complexity="0">
							<lines>
								<line number="830" hits="0" branch="false"/>
							</lines>
						</method>
						<method name="updateBinaryStream" signature="(Ljava/lang/String;Ljava/io/InputStream;)V" line-rate="0.0" branch-rate="1.0" complexity="0">
							<lines>
								<line number="915" hits="0" branch="false"/>
							</lines>
						</method>
						<method name="updateBinaryStream" signature="(Ljava/lang/String;Ljava/io/InputStream;I)V" line-rate="0.0" branch-rate="1.0" complexity="0">
							<lines>
								<line number="525" hits="0" branch="false"/>
							</lines>
						</method>
						<method name="updateBinaryStream" signature="(Ljava/lang/String;Ljava/io/InputStream;J)V" line-rate="0.0" branch-rate="1.0" complexity="0">
							<lines>
								<line number="845" hits="0" branch="false"/>
							</lines>
						</method>
						<method name="updateBlob" signature="(ILjava/io/InputStream;)V" line-rate="0.0" branch-rate="1.0" complexity="0">
							<lines>
								<line number="925" hits="0" branch="false"/>
							</lines>
						</method>
						<method name="updateBlob" signature="(ILjava/io/InputStream;J)V" line-rate="0.0" branch-rate="1.0" complexity="0">
							<lines>
								<line number="855" hits="0" branch="false"/>
							</lines>
						</method>
						<method name="updateBlob" signature="(ILjava/sql/Blob;)V" line-rate="0.0" branch-rate="1.0" complexity="0">
							<lines>
								<line number="685" hits="0" branch="false"/>
							</lines>
						</method>
						<method name="updateBlob" signature="(Ljava/lang/String;Ljava/io/InputStream;)V" line-rate="0.0" branch-rate="1.0" complexity="0">
							<lines>
								<line number="930" hits="0" branch="false"/>
							</lines>
						</method>
						<method name="updateBlob" signature="(Ljava/lang/String;Ljava/io/InputStream;J)V" line-rate="0.0" branch-rate="1.0" complexity="0">
							<lines>
								<line number="860" hits="0" branch="false"/>
							</lines>
						</method>
						<method name="updateBlob" signature="(Ljava/lang/String;Ljava/sql/Blob;)V" line-rate="0.0" branch-rate="1.0" complexity="0">
							<lines>
								<line number="690" hits="0" branch="false"/>
							</lines>
						</method>
						<method name="updateBoolean" signature="(IZ)V" line-rate="0.0" branch-rate="1.0" complexity="0">
							<lines>
								<line number="360" hits="0" branch="false"/>
							</lines>
						</method>
						<method name="updateBoolean" signature="(Ljava/lang/String;Z)V" line-rate="0.0" branch-rate="1.0" complexity="0">
							<lines>
								<line number="455" hits="0" branch="false"/>
							</lines>
						</method>
						<method name="updateByte" signature="(IB)V" line-rate="0.0" branch-rate="1.0" complexity="0">
							<lines>
								<line number="365" hits="0" branch="false"/>
							</lines>
						</method>
						<method name="updateByte" signature="(Ljava/lang/String;B)V" line-rate="0.0" branch-rate="1.0" complexity="0">
							<lines>
								<line number="460" hits="0" branch="false"/>
							</lines>
						</method>
						<method name="updateBytes" signature="(I[B)V" line-rate="0.0" branch-rate="1.0" complexity="0">
							<lines>
								<line number="405" hits="0" branch="false"/>
							</lines>
						</method>
						<method name="updateBytes" signature="(Ljava/lang/String;[B)V" line-rate="0.0" branch-rate="1.0" complexity="0">
							<lines>
								<line number="500" hits="0" branch="false"/>
							</lines>
						</method>
						<method name="updateCharacterStream" signature="(ILjava/io/Reader;)V" line-rate="0.0" branch-rate="1.0" complexity="0">
							<lines>
								<line number="905" hits="0" branch="false"/>
							</lines>
						</method>
						<method name="updateCharacterStream" signature="(ILjava/io/Reader;I)V" line-rate="0.0" branch-rate="1.0" complexity="0">
							<lines>
								<line number="435" hits="0" branch="false"/>
							</lines>
						</method>
						<method name="updateCharacterStream" signature="(ILjava/io/Reader;J)V" line-rate="0.0" branch-rate="1.0" complexity="0">
							<lines>
								<line number="835" hits="0" branch="false"/>
							</lines>
						</method>
						<method name="updateCharacterStream" signature="(Ljava/lang/String;Ljava/io/Reader;)V" line-rate="0.0" branch-rate="1.0" complexity="0">
							<lines>
								<line number="920" hits="0" branch="false"/>
							</lines>
						</method>
						<method name="updateCharacterStream" signature="(Ljava/lang/String;Ljava/io/Reader;I)V" line-rate="0.0" branch-rate="1.0" complexity="0">
							<lines>
								<line number="530" hits="0" branch="false"/>
							</lines>
						</method>
						<method name="updateCharacterStream" signature="(Ljava/lang/String;Ljava/io/Reader;J)V" line-rate="0.0" branch-rate="1.0" complexity="0">
							<lines>
								<line number="850" hits="0" branch="false"/>
							</lines>
						</method>
						<method name="updateClob" signature="(ILjava/io/Reader;)V" line-rate="0.0" branch-rate="1.0" complexity="0">
							<lines>
								<line number="935" hits="0" branch="false"/>
							</lines>
						</method>
						<method name="updateClob" signature="(ILjava/io/Reader;J)V" line-rate="0.0" branch-rate="1.0" complexity="0">
							<lines>
								<line number="865" hits="0" branch="false"/>
							</lines>
						</method>
						<method name="updateClob" signature="(ILjava/sql/Clob;)V" line-rate="0.0" branch-rate="1.0" complexity="0">
							<lines>
								<line number="695" hits="0" branch="false"/>
							</lines>
						</method>
						<method name="updateClob" signature="(Ljava/lang/String;Ljava/io/Reader;)V" line-rate="0.0" branch-rate="1.0" complexity="0">
							<lines>
								<line number="940" hits="0" branch="false"/>
							</lines>
						</method>
						<method name="updateClob" signature="(Ljava/lang/String;Ljava/io/Reader;J)V" line-rate="0.0" branch-rate="1.0" complexity="0">
							<lines>
								<line number="870" hits="0" branch="false"/>
							</lines>
						</method>
						<method name="updateClob" signature="(Ljava/lang/String;Ljava/sql/Clob;)V" line-rate="0.0" branch-rate="1.0" complexity="0">
							<lines>
								<line number="700" hits="0" branch="false"/>
							</lines>
						</method>
						<method name="updateDate" signature="(ILjava/sql/Date;)V" line-rate="0.0" branch-rate="1.0" complexity="0">
							<lines>
								<line number="410" hits="0" branch="false"/>
							</lines>
						</method>
						<method name="updateDate" signature="(Ljava/lang/String;Ljava/sql/Date;)V" line-rate="0.0" branch-rate="1.0" complexity="0">
							<lines>
								<line number="505" hits="0" branch="false"/>
							</lines>
						</method>
						<method name="updateDouble" signature="(ID)V" line-rate="0.0" branch-rate="1.0" complexity="0">
							<lines>
								<line number="390" hits="0" branch="false"/>
							</lines>
						</method>
						<method name="updateDouble" signature="(Ljava/lang/String;D)V" line-rate="0.0" branch-rate="1.0" complexity="0">
							<lines>
								<line number="485" hits="0" branch="false"/>
							</lines>
						</method>
						<method name="updateFloat" signature="(IF)V" line-rate="0.0" branch-rate="1.0" complexity="0">
							<lines>
								<line number="385" hits="0" branch="false"/>
							</lines>
						</method>
						<method name="updateFloat" signature="(Ljava/lang/String;F)V" line-rate="0.0" branch-rate="1.0" complexity="0">
							<lines>
								<line number="480" hits="0" branch="false"/>
							</lines>
						</method>
						<method name="updateInt" signature="(II)V" line-rate="0.0" branch-rate="1.0" complexity="0">
							<lines>
								<line number="375" hits="0" branch="false"/>
							</lines>
						</method>
						<method name="updateInt" signature="(Ljava/lang/String;I)V" line-rate="0.0" branch-rate="1.0" complexity="0">
							<lines>
								<line number="470" hits="0" branch="false"/>
							</lines>
						</method>
						<method name="updateLong" signature="(IJ)V" line-rate="0.0" branch-rate="1.0" complexity="0">
							<lines>
								<line number="380" hits="0" branch="false"/>
							</lines>
						</method>
						<method name="updateLong" signature="(Ljava/lang/String;J)V" line-rate="0.0" branch-rate="1.0" complexity="0">
							<lines>
								<line number="475" hits="0" branch="false"/>
							</lines>
						</method>
						<method name="updateNCharacterStream" signature="(ILjava/io/Reader;)V" line-rate="0.0" branch-rate="1.0" complexity="0">
							<lines>
								<line number="885" hits="0" branch="false"/>
							</lines>
						</method>
						<method name="updateNCharacterStream" signature="(ILjava/io/Reader;J)V" line-rate="0.0" branch-rate="1.0" complexity="0">
							<lines>
								<line number="815" hits="0" branch="false"/>
							</lines>
						</method>
						<method name="updateNCharacterStream" signature="(Ljava/lang/String;Ljava/io/Reader;)V" line-rate="0.0" branch-rate="1.0" complexity="0">
							<lines>
								<line number="890" hits="0" branch="false"/>
							</lines>
						</method>
						<method name="updateNCharacterStream" signature="(Ljava/lang/String;Ljava/io/Reader;J)V" line-rate="0.0" branch-rate="1.0" complexity="0">
							<lines>
								<line number="820" hits="0" branch="false"/>
							</lines>
						</method>
						<method name="updateNClob" signature="(ILjava/io/Reader;)V" line-rate="0.0" branch-rate="1.0" complexity="0">
							<lines>
								<line number="945" hits="0" branch="false"/>
							</lines>
						</method>
						<method name="updateNClob" signature="(ILjava/io/Reader;J)V" line-rate="0.0" branch-rate="1.0" complexity="0">
							<lines>
								<line number="875" hits="0" branch="false"/>
							</lines>
						</method>
						<method name="updateNClob" signature="(ILjava/sql/NClob;)V" line-rate="0.0" branch-rate="1.0" complexity="0">
							<lines>
								<line number="755" hits="0" branch="false"/>
							</lines>
						</method>
						<method name="updateNClob" signature="(Ljava/lang/String;Ljava/io/Reader;)V" line-rate="0.0" branch-rate="1.0" complexity="0">
							<lines>
								<line number="950" hits="0" branch="false"/>
							</lines>
						</method>
						<method name="updateNClob" signature="(Ljava/lang/String;Ljava/io/Reader;J)V" line-rate="0.0" branch-rate="1.0" complexity="0">
							<lines>
								<line number="880" hits="0" branch="false"/>
							</lines>
						</method>
						<method name="updateNClob" signature="(Ljava/lang/String;Ljava/sql/NClob;)V" line-rate="0.0" branch-rate="1.0" complexity="0">
							<lines>
								<line number="760" hits="0" branch="false"/>
							</lines>
						</method>
						<method name="updateNString" signature="(ILjava/lang/String;)V" line-rate="0.0" branch-rate="1.0" complexity="0">
							<lines>
								<line number="745" hits="0" branch="false"/>
							</lines>
						</method>
						<method name="updateNString" signature="(Ljava/lang/String;Ljava/lang/String;)V" line-rate="0.0" branch-rate="1.0" complexity="0">
							<lines>
								<line number="750" hits="0" branch="false"/>
							</lines>
						</method>
						<method name="updateNull" signature="(I)V" line-rate="0.0" branch-rate="1.0" complexity="0">
							<lines>
								<line number="355" hits="0" branch="false"/>
							</lines>
						</method>
						<method name="updateNull" signature="(Ljava/lang/String;)V" line-rate="0.0" branch-rate="1.0" complexity="0">
							<lines>
								<line number="450" hits="0" branch="false"/>
							</lines>
						</method>
						<method name="updateObject" signature="(ILjava/lang/Object;)V" line-rate="0.0" branch-rate="1.0" complexity="0">
							<lines>
								<line number="445" hits="0" branch="false"/>
							</lines>
						</method>
						<method name="updateObject" signature="(ILjava/lang/Object;I)V" line-rate="0.0" branch-rate="1.0" complexity="0">
							<lines>
								<line number="440" hits="0" branch="false"/>
							</lines>
						</method>
						<method name="updateObject" signature="(Ljava/lang/String;Ljava/lang/Object;)V" line-rate="0.0" branch-rate="1.0" complexity="0">
							<lines>
								<line number="540" hits="0" branch="false"/>
							</lines>
						</method>
						<method name="updateObject" signature="(Ljava/lang/String;Ljava/lang/Object;I)V" line-rate="0.0" branch-rate="1.0" complexity="0">
							<lines>
								<line number="535" hits="0" branch="false"/>
							</lines>
						</method>
						<method name="updateRef" signature="(ILjava/sql/Ref;)V" line-rate="0.0" branch-rate="1.0" complexity="0">
							<lines>
								<line number="675" hits="0" branch="false"/>
							</lines>
						</method>
						<method name="updateRef" signature="(Ljava/lang/String;Ljava/sql/Ref;)V" line-rate="0.0" branch-rate="1.0" complexity="0">
							<lines>
								<line number="680" hits="0" branch="false"/>
							</lines>
						</method>
						<method name="updateRow" signature="()V" line-rate="0.0" branch-rate="1.0" complexity="0">
							<lines>
								<line number="550" hits="0" branch="false"/>
							</lines>
						</method>
						<method name="updateRowId" signature="(ILjava/sql/RowId;)V" line-rate="0.0" branch-rate="1.0" complexity="0">
							<lines>
								<line number="725" hits="0" branch="false"/>
							</lines>
						</method>
						<method name="updateRowId" signature="(Ljava/lang/String;Ljava/sql/RowId;)V" line-rate="0.0" branch-rate="1.0" complexity="0">
							<lines>
								<line number="730" hits="0" branch="false"/>
							</lines>
						</method>
						<method name="updateSQLXML" signature="(ILjava/sql/SQLXML;)V" line-rate="0.0" branch-rate="1.0" complexity="0">
							<lines>
								<line number="785" hits="0" branch="false"/>
							</lines>
						</method>
						<method name="updateSQLXML" signature="(Ljava/lang/String;Ljava/sql/SQLXML;)V" line-rate="0.0" branch-rate="1.0" complexity="0">
							<lines>
								<line number="790" hits="0" branch="false"/>
							</lines>
						</method>
						<method name="updateShort" signature="(IS)V" line-rate="0.0" branch-rate="1.0" complexity="0">
							<lines>
								<line number="370" hits="0" branch="false"/>
							</lines>
						</method>
						<method name="updateShort" signature="(Ljava/lang/String;S)V" line-rate="0.0" branch-rate="1.0" complexity="0">
							<lines>
								<line number="465" hits="0" branch="false"/>
							</lines>
						</method>
						<method name="updateString" signature="(ILjava/lang/String;)V" line-rate="0.0" branch-rate="1.0" complexity="0">
							<lines>
								<line number="400" hits="0" branch="false"/>
							</lines>
						</method>
						<method name="updateString" signature="(Ljava/lang/String;Ljava/lang/String;)V" line-rate="0.0" branch-rate="1.0" complexity="0">
							<lines>
								<line number="495" hits="0" branch="false"/>
							</lines>
						</method>
						<method name="updateTime" signature="(ILjava/sql/Time;)V" line-rate="0.0" branch-rate="1.0" complexity="0">
							<lines>
								<line number="415" hits="0" branch="false"/>
							</lines>
						</method>
						<method name="updateTime" signature="(Ljava/lang/String;Ljava/sql/Time;)V" line-rate="0.0" branch-rate="1.0" complexity="0">
							<lines>
								<line number="510" hits="0" branch="false"/>
							</lines>
						</method>
						<method name="updateTimestamp" signature="(ILjava/sql/Timestamp;)V" line-rate="0.0" branch-rate="1.0" complexity="0">
							<lines>
								<line number="420" hits="0" branch="false"/>
							</lines>
						</method>
						<method name="updateTimestamp" signature="(Ljava/lang/String;Ljava/sql/Timestamp;)V" line-rate="0.0" branch-rate="1.0" complexity="0">
							<lines>
								<line number="515" hits="0" branch="false"/>
							</lines>
						</method>
						<method name="wasNull" signature="()Z" line-rate="0.0" branch-rate="1.0" complexity="0">
							<lines>
								<line number="29" hits="0" branch="false"/>
							</lines>
						</method>
					</methods>
					<lines>
						<line number="16" hits="0" branch="false"/>
						<line number="19" hits="0" branch="false"/>
						<line number="25" hits="0" branch="false"/>
						<line number="29" hits="0" branch="false"/>
						<line number="34" hits="0" branch="false"/>
						<line number="39" hits="0" branch="false"/>
						<line number="44" hits="0" branch="false"/>
						<line number="49" hits="0" branch="false"/>
						<line number="54" hits="0" branch="false"/>
						<line number="59" hits="0" branch="false"/>
						<line number="64" hits="0" branch="false"/>
						<line number="69" hits="0" branch="false"/>
						<line number="74" hits="0" branch="false"/>
						<line number="79" hits="0" branch="false"/>
						<line number="84" hits="0" branch="false"/>
						<line number="89" hits="0" branch="false"/>
						<line number="94" hits="0" branch="false"/>
						<line number="99" hits="0" branch="false"/>
						<line number="104" hits="0" branch="false"/>
						<line number="109" hits="0" branch="false"/>
						<line number="114" hits="0" branch="false"/>
						<line number="119" hits="0" branch="false"/>
						<line number="124" hits="0" branch="false"/>
						<line number="129" hits="0" branch="false"/>
						<line number="134" hits="0" branch="false"/>
						<line number="139" hits="0" branch="false"/>
						<line number="144" hits="0" branch="false"/>
						<line number="149" hits="0" branch="false"/>
						<line number="154" hits="0" branch="false"/>
						<line number="159" hits="0" branch="false"/>
						<line number="164" hits="0" branch="false"/>
						<line number="169" hits="0" branch="false"/>
						<line number="174" hits="0" branch="false"/>
						<line number="179" hits="0" branch="false"/>
						<line number="184" hits="0" branch="false"/>
						<line number="189" hits="0" branch="false"/>
						<line number="194" hits="0" branch="false"/>
						<line number="200" hits="0" branch="false"/>
						<line number="204" hits="0" branch="false"/>
						<line number="209" hits="0" branch="false"/>
						<line number="214" hits="0" branch="false"/>
						<line number="219" hits="0" branch="false"/>
						<line number="224" hits="0" branch="false"/>
						<line number="229" hits="0" branch="false"/>
						<line number="234" hits="0" branch="false"/>
						<line number="239" hits="0" branch="false"/>
						<line number="244" hits="0" branch="false"/>
						<line number="249" hits="0" branch="false"/>
						<line number="254" hits="0" branch="false"/>
						<line number="259" hits="0" branch="false"/>
						<line number="264" hits="0" branch="false"/>
						<line number="270" hits="0" branch="false"/>
						<line number="275" hits="0" branch="false"/>
						<line number="279" hits="0" branch="false"/>
						<line number="284" hits="0" branch="false"/>
						<line number="289" hits="0" branch="false"/>
						<line number="294" hits="0" branch="false"/>
						<line number="299" hits="0" branch="false"/>
						<line number="304" hits="0" branch="false"/>
						<line number="310" hits="0" branch="false"/>
						<line number="314" hits="0" branch="false"/>
						<line number="320" hits="0" branch="false"/>
						<line number="324" hits="0" branch="false"/>
						<line number="329" hits="0" branch="false"/>
						<line number="334" hits="0" branch="false"/>
						<line number="339" hits="0" branch="false"/>
						<line number="344" hits="0" branch="false"/>
						<line number="349" hits="0" branch="false"/>
						<line number="355" hits="0" branch="false"/>
						<line number="360" hits="0" branch="false"/>
						<line number="365" hits="0" branch="false"/>
						<line number="370" hits="0" branch="false"/>
						<line number="375" hits="0" branch="false"/>
						<line number="380" hits="0" branch="false"/>
						<line number="385" hits="0" branch="false"/>
						<line number="390" hits="0" branch="false"/>
						<line number="395" hits="0" branch="false"/>
						<line number="400" hits="0" branch="false"/>
						<line number="405" hits="0" branch="false"/>
						<line number="410" hits="0" branch="false"/>
						<line number="415" hits="0" branch="false"/>
						<line number="420" hits="0" branch="false"/>
						<line number="425" hits="0" branch="false"/>
						<line number="430" hits="0" branch="false"/>
						<line number="435" hits="0" branch="false"/>
						<line number="440" hits="0" branch="false"/>
						<line number="445" hits="0" branch="false"/>
						<line number="450" hits="0" branch="false"/>
						<line number="455" hits="0" branch="false"/>
						<line number="460" hits="0" branch="false"/>
						<line number="465" hits="0" branch="false"/>
						<line number="470" hits="0" branch="false"/>
						<line number="475" hits="0" branch="false"/>
						<line number="480" hits="0" branch="false"/>
						<line number="485" hits="0" branch="false"/>
						<line number="490" hits="0" branch="false"/>
						<line number="495" hits="0" branch="false"/>
						<line number="500" hits="0" branch="false"/>
						<line number="505" hits="0" branch="false"/>
						<line number="510" hits="0" branch="false"/>
						<line number="515" hits="0" branch="false"/>
						<line number="520" hits="0" branch="false"/>
						<line number="525" hits="0" branch="false"/>
						<line number="530" hits="0" branch="false"/>
						<line number="535" hits="0" branch="false"/>
						<line number="540" hits="0" branch="false"/>
						<line number="545" hits="0" branch="false"/>
						<line number="550" hits="0" branch="false"/>
						<line number="555" hits="0" branch="false"/>
						<line number="560" hits="0" branch="false"/>
						<line number="565" hits="0" branch="false"/>
						<line number="570" hits="0" branch="false"/>
						<line number="575" hits="0" branch="false"/>
						<line number="579" hits="0" branch="false"/>
						<line number="584" hits="0" branch="false"/>
						<line number="589" hits="0" branch="false"/>
						<line number="594" hits="0" branch="false"/>
						<line number="599" hits="0" branch="false"/>
						<line number="604" hits="0" branch="false"/>
						<line number="609" hits="0" branch="false"/>
						<line number="614" hits="0" branch="false"/>
						<line number="619" hits="0" branch="false"/>
						<line number="624" hits="0" branch="false"/>
						<line number="629" hits="0" branch="false"/>
						<line number="634" hits="0" branch="false"/>
						<line number="639" hits="0" branch="false"/>
						<line number="644" hits="0" branch="false"/>
						<line number="649" hits="0" branch="false"/>
						<line number="654" hits="0" branch="false"/>
						<line number="659" hits="0" branch="false"/>
						<line number="664" hits="0" branch="false"/>
						<line number="669" hits="0" branch="false"/>
						<line number="675" hits="0" branch="false"/>
						<line number="680" hits="0" branch="false"/>
						<line number="685" hits="0" branch="false"/>
						<line number="690" hits="0" branch="false"/>
						<line number="695" hits="0" branch="false"/>
						<line number="700" hits="0" branch="false"/>
						<line number="705" hits="0" branch="false"/>
						<line number="710" hits="0" branch="false"/>
						<line number="714" hits="0" branch="false"/>
						<line number="719" hits="0" branch="false"/>
						<line number="725" hits="0" branch="false"/>
						<line number="730" hits="0" branch="false"/>
						<line number="734" hits="0" branch="false"/>
						<line number="739" hits="0" branch="false"/>
						<line number="745" hits="0" branch="false"/>
						<line number="750" hits="0" branch="false"/>
						<line number="755" hits="0" branch="false"/>
						<line number="760" hits="0" branch="false"/>
						<line number="764" hits="0" branch="false"/>
						<line number="769" hits="0" branch="false"/>
						<line number="774" hits="0" branch="false"/>
						<line number="779" hits="0" branch="false"/>
						<line number="785" hits="0" branch="false"/>
						<line number="790" hits="0" branch="false"/>
						<line number="794" hits="0" branch="false"/>
						<line number="799" hits="0" branch="false"/>
						<line number="804" hits="0" branch="false"/>
						<line number="809" hits="0" branch="false"/>
						<line number="815" hits="0" branch="false"/>
						<line number="820" hits="0" branch="false"/>
						<line number="825" hits="0" branch="false"/>
						<line number="830" hits="0" branch="false"/>
						<line number="835" hits="0" branch="false"/>
						<line number="840" hits="0" branch="false"/>
						<line number="845" hits="0" branch="false"/>
						<line number="850" hits="0" branch="false"/>
						<line number="855" hits="0" branch="false"/>
						<line number="860" hits="0" branch="false"/>
						<line number="865" hits="0" branch="false"/>
						<line number="870" hits="0" branch="false"/>
						<line number="875" hits="0" branch="false"/>
						<line number="880" hits="0" branch="false"/>
						<line number="885" hits="0" branch="false"/>
						<line number="890" hits="0" branch="false"/>
						<line number="895" hits="0" branch="false"/>
						<line number="900" hits="0" branch="false"/>
						<line number="905" hits="0" branch="false"/>
						<line number="910" hits="0" branch="false"/>
						<line number="915" hits="0" branch="false"/>
						<line number="920" hits="0" branch="false"/>
						<line number="925" hits="0" branch="false"/>
						<line number="930" hits="0" branch="false"/>
						<line number="935" hits="0" branch="false"/>
						<line number="940" hits="0" branch="false"/>
						<line number="945" hits="0" branch="false"/>
						<line number="950" hits="0" branch="false"/>
					</lines>
				</class>
			</classes>
		</package>
		<package name="com.tianshouzhi.dragon.sharding.jdbc.statement" line-rate="0.0" branch-rate="0.0" complexity="1.0135135135135136">
			<classes>
				<class name="com.tianshouzhi.dragon.sharding.jdbc.statement.DragonShardingPrepareStatement" filename="com/tianshouzhi/dragon/sharding/jdbc/statement/DragonShardingPrepareStatement.java" line-rate="0.0" branch-rate="1.0" complexity="1.0">
					<methods>
						<method name="&lt;init&gt;" signature="(Ljava/lang/String;IIILcom/tianshouzhi/dragon/sharding/jdbc/connection/DragonShardingConnection;)V" line-rate="0.0" branch-rate="1.0" complexity="0">
							<lines>
								<line number="29" hits="0" branch="false"/>
								<line number="30" hits="0" branch="false"/>
								<line number="31" hits="0" branch="false"/>
							</lines>
						</method>
						<method name="&lt;init&gt;" signature="(Ljava/lang/String;IILcom/tianshouzhi/dragon/sharding/jdbc/connection/DragonShardingConnection;)V" line-rate="0.0" branch-rate="1.0" complexity="0">
							<lines>
								<line number="24" hits="0" branch="false"/>
								<line number="25" hits="0" branch="false"/>
								<line number="26" hits="0" branch="false"/>
							</lines>
						</method>
						<method name="&lt;init&gt;" signature="(Ljava/lang/String;ILcom/tianshouzhi/dragon/sharding/jdbc/connection/DragonShardingConnection;)V" line-rate="0.0" branch-rate="1.0" complexity="0">
							<lines>
								<line number="34" hits="0" branch="false"/>
								<line number="35" hits="0" branch="false"/>
								<line number="36" hits="0" branch="false"/>
								<line number="37" hits="0" branch="false"/>
							</lines>
						</method>
						<method name="&lt;init&gt;" signature="(Ljava/lang/String;Lcom/tianshouzhi/dragon/sharding/jdbc/connection/DragonShardingConnection;)V" line-rate="0.0" branch-rate="1.0" complexity="0">
							<lines>
								<line number="19" hits="0" branch="false"/>
								<line number="20" hits="0" branch="false"/>
								<line number="21" hits="0" branch="false"/>
							</lines>
						</method>
						<method name="&lt;init&gt;" signature="(Ljava/lang/String;[ILcom/tianshouzhi/dragon/sharding/jdbc/connection/DragonShardingConnection;)V" line-rate="0.0" branch-rate="1.0" complexity="0">
							<lines>
								<line number="40" hits="0" branch="false"/>
								<line number="41" hits="0" branch="false"/>
								<line number="42" hits="0" branch="false"/>
								<line number="43" hits="0" branch="false"/>
							</lines>
						</method>
						<method name="&lt;init&gt;" signature="(Ljava/lang/String;[Ljava/lang/String;Lcom/tianshouzhi/dragon/sharding/jdbc/connection/DragonShardingConnection;)V" line-rate="0.0" branch-rate="1.0" complexity="0">
							<lines>
								<line number="46" hits="0" branch="false"/>
								<line number="47" hits="0" branch="false"/>
								<line number="48" hits="0" branch="false"/>
								<line number="49" hits="0" branch="false"/>
							</lines>
						</method>
						<method name="addBatch" signature="()V" line-rate="0.0" branch-rate="1.0" complexity="0">
							<lines>
								<line number="169" hits="0" branch="false"/>
							</lines>
						</method>
						<method name="clearParameters" signature="()V" line-rate="0.0" branch-rate="1.0" complexity="0">
							<lines>
								<line number="149" hits="0" branch="false"/>
							</lines>
						</method>
						<method name="execute" signature="()Z" line-rate="0.0" branch-rate="1.0" complexity="0">
							<lines>
								<line number="163" hits="0" branch="false"/>
							</lines>
						</method>
						<method name="executeQuery" signature="()Ljava/sql/ResultSet;" line-rate="0.0" branch-rate="1.0" complexity="0">
							<lines>
								<line number="53" hits="0" branch="false"/>
							</lines>
						</method>
						<method name="executeUpdate" signature="()I" line-rate="0.0" branch-rate="1.0" complexity="0">
							<lines>
								<line number="58" hits="0" branch="false"/>
							</lines>
						</method>
						<method name="getMetaData" signature="()Ljava/sql/ResultSetMetaData;" line-rate="0.0" branch-rate="1.0" complexity="0">
							<lines>
								<line number="198" hits="0" branch="false"/>
							</lines>
						</method>
						<method name="getParameterMetaData" signature="()Ljava/sql/ParameterMetaData;" line-rate="0.0" branch-rate="1.0" complexity="0">
							<lines>
								<line number="228" hits="0" branch="false"/>
							</lines>
						</method>
						<method name="setArray" signature="(ILjava/sql/Array;)V" line-rate="0.0" branch-rate="1.0" complexity="0">
							<lines>
								<line number="194" hits="0" branch="false"/>
							</lines>
						</method>
						<method name="setAsciiStream" signature="(ILjava/io/InputStream;)V" line-rate="0.0" branch-rate="1.0" complexity="0">
							<lines>
								<line number="294" hits="0" branch="false"/>
							</lines>
						</method>
						<method name="setAsciiStream" signature="(ILjava/io/InputStream;I)V" line-rate="0.0" branch-rate="1.0" complexity="0">
							<lines>
								<line number="134" hits="0" branch="false"/>
							</lines>
						</method>
						<method name="setAsciiStream" signature="(ILjava/io/InputStream;J)V" line-rate="0.0" branch-rate="1.0" complexity="0">
							<lines>
								<line number="279" hits="0" branch="false"/>
							</lines>
						</method>
						<method name="setBigDecimal" signature="(ILjava/math/BigDecimal;)V" line-rate="0.0" branch-rate="1.0" complexity="0">
							<lines>
								<line number="104" hits="0" branch="false"/>
							</lines>
						</method>
						<method name="setBinaryStream" signature="(ILjava/io/InputStream;)V" line-rate="0.0" branch-rate="1.0" complexity="0">
							<lines>
								<line number="299" hits="0" branch="false"/>
							</lines>
						</method>
						<method name="setBinaryStream" signature="(ILjava/io/InputStream;I)V" line-rate="0.0" branch-rate="1.0" complexity="0">
							<lines>
								<line number="144" hits="0" branch="false"/>
							</lines>
						</method>
						<method name="setBinaryStream" signature="(ILjava/io/InputStream;J)V" line-rate="0.0" branch-rate="1.0" complexity="0">
							<lines>
								<line number="284" hits="0" branch="false"/>
							</lines>
						</method>
						<method name="setBlob" signature="(ILjava/io/InputStream;)V" line-rate="0.0" branch-rate="1.0" complexity="0">
							<lines>
								<line number="319" hits="0" branch="false"/>
							</lines>
						</method>
						<method name="setBlob" signature="(ILjava/io/InputStream;J)V" line-rate="0.0" branch-rate="1.0" complexity="0">
							<lines>
								<line number="259" hits="0" branch="false"/>
							</lines>
						</method>
						<method name="setBlob" signature="(ILjava/sql/Blob;)V" line-rate="0.0" branch-rate="1.0" complexity="0">
							<lines>
								<line number="184" hits="0" branch="false"/>
							</lines>
						</method>
						<method name="setBoolean" signature="(IZ)V" line-rate="0.0" branch-rate="1.0" complexity="0">
							<lines>
								<line number="69" hits="0" branch="false"/>
							</lines>
						</method>
						<method name="setByte" signature="(IB)V" line-rate="0.0" branch-rate="1.0" complexity="0">
							<lines>
								<line number="74" hits="0" branch="false"/>
							</lines>
						</method>
						<method name="setBytes" signature="(I[B)V" line-rate="0.0" branch-rate="1.0" complexity="0">
							<lines>
								<line number="114" hits="0" branch="false"/>
							</lines>
						</method>
						<method name="setCharacterStream" signature="(ILjava/io/Reader;)V" line-rate="0.0" branch-rate="1.0" complexity="0">
							<lines>
								<line number="304" hits="0" branch="false"/>
							</lines>
						</method>
						<method name="setCharacterStream" signature="(ILjava/io/Reader;I)V" line-rate="0.0" branch-rate="1.0" complexity="0">
							<lines>
								<line number="174" hits="0" branch="false"/>
							</lines>
						</method>
						<method name="setCharacterStream" signature="(ILjava/io/Reader;J)V" line-rate="0.0" branch-rate="1.0" complexity="0">
							<lines>
								<line number="289" hits="0" branch="false"/>
							</lines>
						</method>
						<method name="setClob" signature="(ILjava/io/Reader;)V" line-rate="0.0" branch-rate="1.0" complexity="0">
							<lines>
								<line number="314" hits="0" branch="false"/>
							</lines>
						</method>
						<method name="setClob" signature="(ILjava/io/Reader;J)V" line-rate="0.0" branch-rate="1.0" complexity="0">
							<lines>
								<line number="254" hits="0" branch="false"/>
							</lines>
						</method>
						<method name="setClob" signature="(ILjava/sql/Clob;)V" line-rate="0.0" branch-rate="1.0" complexity="0">
							<lines>
								<line number="189" hits="0" branch="false"/>
							</lines>
						</method>
						<method name="setDate" signature="(ILjava/sql/Date;)V" line-rate="0.0" branch-rate="1.0" complexity="0">
							<lines>
								<line number="119" hits="0" branch="false"/>
							</lines>
						</method>
						<method name="setDate" signature="(ILjava/sql/Date;Ljava/util/Calendar;)V" line-rate="0.0" branch-rate="1.0" complexity="0">
							<lines>
								<line number="204" hits="0" branch="false"/>
							</lines>
						</method>
						<method name="setDouble" signature="(ID)V" line-rate="0.0" branch-rate="1.0" complexity="0">
							<lines>
								<line number="99" hits="0" branch="false"/>
							</lines>
						</method>
						<method name="setFloat" signature="(IF)V" line-rate="0.0" branch-rate="1.0" complexity="0">
							<lines>
								<line number="94" hits="0" branch="false"/>
							</lines>
						</method>
						<method name="setInt" signature="(II)V" line-rate="0.0" branch-rate="1.0" complexity="0">
							<lines>
								<line number="84" hits="0" branch="false"/>
							</lines>
						</method>
						<method name="setLong" signature="(IJ)V" line-rate="0.0" branch-rate="1.0" complexity="0">
							<lines>
								<line number="89" hits="0" branch="false"/>
							</lines>
						</method>
						<method name="setNCharacterStream" signature="(ILjava/io/Reader;)V" line-rate="0.0" branch-rate="1.0" complexity="0">
							<lines>
								<line number="309" hits="0" branch="false"/>
							</lines>
						</method>
						<method name="setNCharacterStream" signature="(ILjava/io/Reader;J)V" line-rate="0.0" branch-rate="1.0" complexity="0">
							<lines>
								<line number="244" hits="0" branch="false"/>
							</lines>
						</method>
						<method name="setNClob" signature="(ILjava/io/Reader;)V" line-rate="0.0" branch-rate="1.0" complexity="0">
							<lines>
								<line number="324" hits="0" branch="false"/>
							</lines>
						</method>
						<method name="setNClob" signature="(ILjava/io/Reader;J)V" line-rate="0.0" branch-rate="1.0" complexity="0">
							<lines>
								<line number="264" hits="0" branch="false"/>
							</lines>
						</method>
						<method name="setNClob" signature="(ILjava/sql/NClob;)V" line-rate="0.0" branch-rate="1.0" complexity="0">
							<lines>
								<line number="249" hits="0" branch="false"/>
							</lines>
						</method>
						<method name="setNString" signature="(ILjava/lang/String;)V" line-rate="0.0" branch-rate="1.0" complexity="0">
							<lines>
								<line number="239" hits="0" branch="false"/>
							</lines>
						</method>
						<method name="setNull" signature="(II)V" line-rate="0.0" branch-rate="1.0" complexity="0">
							<lines>
								<line number="64" hits="0" branch="false"/>
							</lines>
						</method>
						<method name="setNull" signature="(IILjava/lang/String;)V" line-rate="0.0" branch-rate="1.0" complexity="0">
							<lines>
								<line number="219" hits="0" branch="false"/>
							</lines>
						</method>
						<method name="setObject" signature="(ILjava/lang/Object;)V" line-rate="0.0" branch-rate="1.0" complexity="0">
							<lines>
								<line number="159" hits="0" branch="false"/>
							</lines>
						</method>
						<method name="setObject" signature="(ILjava/lang/Object;I)V" line-rate="0.0" branch-rate="1.0" complexity="0">
							<lines>
								<line number="154" hits="0" branch="false"/>
							</lines>
						</method>
						<method name="setObject" signature="(ILjava/lang/Object;II)V" line-rate="0.0" branch-rate="1.0" complexity="0">
							<lines>
								<line number="274" hits="0" branch="false"/>
							</lines>
						</method>
						<method name="setRef" signature="(ILjava/sql/Ref;)V" line-rate="0.0" branch-rate="1.0" complexity="0">
							<lines>
								<line number="179" hits="0" branch="false"/>
							</lines>
						</method>
						<method name="setRowId" signature="(ILjava/sql/RowId;)V" line-rate="0.0" branch-rate="1.0" complexity="0">
							<lines>
								<line number="234" hits="0" branch="false"/>
							</lines>
						</method>
						<method name="setSQLXML" signature="(ILjava/sql/SQLXML;)V" line-rate="0.0" branch-rate="1.0" complexity="0">
							<lines>
								<line number="269" hits="0" branch="false"/>
							</lines>
						</method>
						<method name="setShort" signature="(IS)V" line-rate="0.0" branch-rate="1.0" complexity="0">
							<lines>
								<line number="79" hits="0" branch="false"/>
							</lines>
						</method>
						<method name="setString" signature="(ILjava/lang/String;)V" line-rate="0.0" branch-rate="1.0" complexity="0">
							<lines>
								<line number="109" hits="0" branch="false"/>
							</lines>
						</method>
						<method name="setTime" signature="(ILjava/sql/Time;)V" line-rate="0.0" branch-rate="1.0" complexity="0">
							<lines>
								<line number="124" hits="0" branch="false"/>
							</lines>
						</method>
						<method name="setTime" signature="(ILjava/sql/Time;Ljava/util/Calendar;)V" line-rate="0.0" branch-rate="1.0" complexity="0">
							<lines>
								<line number="209" hits="0" branch="false"/>
							</lines>
						</method>
						<method name="setTimestamp" signature="(ILjava/sql/Timestamp;)V" line-rate="0.0" branch-rate="1.0" complexity="0">
							<lines>
								<line number="129" hits="0" branch="false"/>
							</lines>
						</method>
						<method name="setTimestamp" signature="(ILjava/sql/Timestamp;Ljava/util/Calendar;)V" line-rate="0.0" branch-rate="1.0" complexity="0">
							<lines>
								<line number="214" hits="0" branch="false"/>
							</lines>
						</method>
						<method name="setURL" signature="(ILjava/net/URL;)V" line-rate="0.0" branch-rate="1.0" complexity="0">
							<lines>
								<line number="224" hits="0" branch="false"/>
							</lines>
						</method>
						<method name="setUnicodeStream" signature="(ILjava/io/InputStream;I)V" line-rate="0.0" branch-rate="1.0" complexity="0">
							<lines>
								<line number="139" hits="0" branch="false"/>
[...]
						<line number="41" hits="0" branch="false"/>
						<line number="45" hits="0" branch="false"/>
						<line number="46" hits="0" branch="false"/>
						<line number="51" hits="0" branch="false"/>
						<line number="52" hits="0" branch="false"/>
						<line number="56" hits="0" branch="false"/>
						<line number="57" hits="0" branch="false"/>
						<line number="61" hits="0" branch="false"/>
						<line number="62" hits="0" branch="false"/>
						<line number="67" hits="0" branch="false"/>
						<line number="68" hits="0" branch="false"/>
						<line number="72" hits="0" branch="false"/>
						<line number="73" hits="0" branch="false"/>
						<line number="78" hits="0" branch="false"/>
						<line number="79" hits="0" branch="false"/>
					</lines>
				</class>
			</classes>
		</package>
		<package name="com.tianshouzhi.dragon.sharding.pipeline.handler" line-rate="0.0" branch-rate="0.0" complexity="1.5555555555555556">
			<classes>
				<class name="com.tianshouzhi.dragon.sharding.pipeline.handler.ExecutionHandler" filename="com/tianshouzhi/dragon/sharding/pipeline/handler/ExecutionHandler.java" line-rate="0.0" branch-rate="0.0" complexity="1.6666666666666667">
					<methods>
						<method name="&lt;init&gt;" signature="()V" line-rate="0.0" branch-rate="1.0" complexity="0">
							<lines>
								<line number="15" hits="0" branch="false"/>
								<line number="16" hits="0" branch="false"/>
								<line number="34" hits="0" branch="false"/>
							</lines>
						</method>
						<method name="invoke" signature="(Lcom/tianshouzhi/dragon/sharding/pipeline/handler/HandlerContext;)V" line-rate="0.0" branch-rate="0.0" complexity="0">
							<lines>
								<line number="20" hits="0" branch="false"/>
								<line number="21" hits="0" branch="false"/>
								<line number="22" hits="0" branch="true" condition-coverage="0% (0/2)">
									<conditions>
										<condition number="0" type="jump" coverage="0%"/>
									</conditions>
								</line>
								<line number="23" hits="0" branch="false"/>
								<line number="24" hits="0" branch="false"/>
								<line number="25" hits="0" branch="false"/>
								<line number="28" hits="0" branch="false"/>
								<line number="29" hits="0" branch="false"/>
								<line number="31" hits="0" branch="false"/>
								<line number="32" hits="0" branch="false"/>
							</lines>
						</method>
					</methods>
					<lines>
						<line number="15" hits="0" branch="false"/>
						<line number="16" hits="0" branch="false"/>
						<line number="20" hits="0" branch="false"/>
						<line number="21" hits="0" branch="false"/>
						<line number="22" hits="0" branch="true" condition-coverage="0% (0/2)">
							<conditions>
								<condition number="0" type="jump" coverage="0%"/>
							</conditions>
						</line>
						<line number="23" hits="0" branch="false"/>
						<line number="24" hits="0" branch="false"/>
						<line number="25" hits="0" branch="false"/>
						<line number="28" hits="0" branch="false"/>
						<line number="29" hits="0" branch="false"/>
						<line number="31" hits="0" branch="false"/>
						<line number="32" hits="0" branch="false"/>
						<line number="34" hits="0" branch="false"/>
					</lines>
				</class>
				<class name="com.tianshouzhi.dragon.sharding.pipeline.handler.ExecutionHandler$DispatchCallable" filename="com/tianshouzhi/dragon/sharding/pipeline/handler/ExecutionHandler.java" line-rate="0.0" branch-rate="1.0" complexity="1.6666666666666667">
					<methods>
						<method name="&lt;init&gt;" signature="(Lcom/tianshouzhi/dragon/ha/jdbc/statement/DragonHAStatement;)V" line-rate="0.0" branch-rate="1.0" complexity="0">
							<lines>
								<line number="37" hits="0" branch="false"/>
								<line number="38" hits="0" branch="false"/>
								<line number="39" hits="0" branch="false"/>
							</lines>
						</method>
						<method name="call" signature="()Ljava/lang/Boolean;" line-rate="0.0" branch-rate="1.0" complexity="0">
							<lines>
								<line number="43" hits="0" branch="false"/>
							</lines>
						</method>
						<method name="call" signature="()Ljava/lang/Object;" line-rate="0.0" branch-rate="1.0" complexity="0">
							<lines>
								<line number="34" hits="0" branch="false"/>
							</lines>
						</method>
					</methods>
					<lines>
						<line number="34" hits="0" branch="false"/>
						<line number="37" hits="0" branch="false"/>
						<line number="38" hits="0" branch="false"/>
						<line number="39" hits="0" branch="false"/>
						<line number="43" hits="0" branch="false"/>
					</lines>
				</class>
				<class name="com.tianshouzhi.dragon.sharding.pipeline.handler.ExecutionPlan" filename="com/tianshouzhi/dragon/sharding/pipeline/handler/ExecutionPlan.java" line-rate="0.0" branch-rate="1.0" complexity="1.0">
					<methods>
						<method name="&lt;init&gt;" signature="()V" line-rate="0.0" branch-rate="1.0" complexity="0">
							<lines>
								<line number="10" hits="0" branch="false"/>
							</lines>
						</method>
						<method name="getDragonHAStatements" signature="()Ljava/util/List;" line-rate="0.0" branch-rate="1.0" complexity="0">
							<lines>
								<line number="14" hits="0" branch="false"/>
							</lines>
						</method>
						<method name="setDragonHAStatements" signature="(Ljava/util/List;)V" line-rate="0.0" branch-rate="1.0" complexity="0">
							<lines>
								<line number="18" hits="0" branch="false"/>
								<line number="19" hits="0" branch="false"/>
							</lines>
						</method>
					</methods>
					<lines>
						<line number="10" hits="0" branch="false"/>
						<line number="14" hits="0" branch="false"/>
						<line number="18" hits="0" branch="false"/>
						<line number="19" hits="0" branch="false"/>
					</lines>
				</class>
				<class name="com.tianshouzhi.dragon.sharding.pipeline.handler.ExecutionPlanHandler" filename="com/tianshouzhi/dragon/sharding/pipeline/handler/ExecutionPlanHandler.java" line-rate="0.0" branch-rate="1.0" complexity="0.0">
					<methods>
						<method name="&lt;init&gt;" signature="()V" line-rate="0.0" branch-rate="1.0" complexity="0">
							<lines>
								<line number="6" hits="0" branch="false"/>
							</lines>
						</method>
					</methods>
					<lines>
						<line number="6" hits="0" branch="false"/>
					</lines>
				</class>
				<class name="com.tianshouzhi.dragon.sharding.pipeline.handler.HAStatementBuildHandler" filename="com/tianshouzhi/dragon/sharding/pipeline/handler/HAStatementBuildHandler.java" line-rate="0.0" branch-rate="1.0" complexity="2.0">
					<methods>
						<method name="&lt;init&gt;" signature="()V" line-rate="0.0" branch-rate="1.0" complexity="0">
							<lines>
								<line number="14" hits="0" branch="false"/>
							</lines>
						</method>
						<method name="invoke" signature="(Lcom/tianshouzhi/dragon/sharding/pipeline/handler/HandlerContext;)V" line-rate="0.0" branch-rate="1.0" complexity="0">
							<lines>
								<line number="17" hits="0" branch="false"/>
								<line number="19" hits="0" branch="false"/>
								<line number="20" hits="0" branch="false"/>
								<line number="22" hits="0" branch="false"/>
								<line number="23" hits="0" branch="false"/>
								<line number="24" hits="0" branch="false"/>
								<line number="25" hits="0" branch="false"/>
							</lines>
						</method>
					</methods>
					<lines>
						<line number="14" hits="0" branch="false"/>
						<line number="17" hits="0" branch="false"/>
						<line number="19" hits="0" branch="false"/>
						<line number="20" hits="0" branch="false"/>
						<line number="22" hits="0" branch="false"/>
						<line number="23" hits="0" branch="false"/>
						<line number="24" hits="0" branch="false"/>
						<line number="25" hits="0" branch="false"/>
					</lines>
				</class>
				<class name="com.tianshouzhi.dragon.sharding.pipeline.handler.Handler" filename="com/tianshouzhi/dragon/sharding/pipeline/handler/Handler.java" line-rate="1.0" branch-rate="1.0" complexity="1.0">
					<methods>
					</methods>
					<lines>
					</lines>
				</class>
				<class name="com.tianshouzhi.dragon.sharding.pipeline.handler.HandlerContext" filename="com/tianshouzhi/dragon/sharding/pipeline/handler/HandlerContext.java" line-rate="0.0" branch-rate="1.0" complexity="1.0">
					<methods>
						<method name="&lt;init&gt;" signature="(Lcom/tianshouzhi/dragon/sharding/jdbc/statement/DragonShardingStatement;)V" line-rate="0.0" branch-rate="1.0" complexity="0">
							<lines>
								<line number="19" hits="0" branch="false"/>
								<line number="20" hits="0" branch="false"/>
								<line number="21" hits="0" branch="false"/>
							</lines>
						</method>
						<method name="getDragonHAStatements" signature="()Ljava/util/Set;" line-rate="0.0" branch-rate="1.0" complexity="0">
							<lines>
								<line number="36" hits="0" branch="false"/>
							</lines>
						</method>
						<method name="getDragonShardingStatement" signature="()Lcom/tianshouzhi/dragon/sharding/jdbc/statement/DragonShardingStatement;" line-rate="0.0" branch-rate="1.0" complexity="0">
							<lines>
								<line number="44" hits="0" branch="false"/>
							</lines>
						</method>
						<method name="getExectionPlan" signature="()Lcom/tianshouzhi/dragon/sharding/pipeline/handler/ExecutionPlan;" line-rate="0.0" branch-rate="1.0" complexity="0">
							<lines>
								<line number="24" hits="0" branch="false"/>
							</lines>
						</method>
						<method name="getExecutionPlan" signature="()Lcom/tianshouzhi/dragon/sharding/pipeline/handler/ExecutionPlan;" line-rate="0.0" branch-rate="1.0" complexity="0">
							<lines>
								<line number="32" hits="0" branch="false"/>
							</lines>
						</method>
						<method name="setDragonHAStatements" signature="(Ljava/util/Set;)V" line-rate="0.0" branch-rate="1.0" complexity="0">
							<lines>
								<line number="48" hits="0" branch="false"/>
								<line number="49" hits="0" branch="false"/>
							</lines>
						</method>
						<method name="setDragonShardingStatement" signature="(Lcom/tianshouzhi/dragon/sharding/jdbc/statement/DragonShardingStatement;)V" line-rate="0.0" branch-rate="1.0" complexity="0">
							<lines>
								<line number="40" hits="0" branch="false"/>
								<line number="41" hits="0" branch="false"/>
							</lines>
						</method>
						<method name="setExectionPlan" signature="(Lcom/tianshouzhi/dragon/sharding/pipeline/handler/ExecutionPlan;)V" line-rate="0.0" branch-rate="1.0" complexity="0">
							<lines>
								<line number="28" hits="0" branch="false"/>
								<line number="29" hits="0" branch="false"/>
							</lines>
						</method>
					</methods>
					<lines>
						<line number="19" hits="0" branch="false"/>
						<line number="20" hits="0" branch="false"/>
						<line number="21" hits="0" branch="false"/>
						<line number="24" hits="0" branch="false"/>
						<line number="28" hits="0" branch="false"/>
						<line number="29" hits="0" branch="false"/>
						<line number="32" hits="0" branch="false"/>
						<line number="36" hits="0" branch="false"/>
						<line number="40" hits="0" branch="false"/>
						<line number="41" hits="0" branch="false"/>
						<line number="44" hits="0" branch="false"/>
						<line number="48" hits="0" branch="false"/>
						<line number="49" hits="0" branch="false"/>
					</lines>
				</class>
				<class name="com.tianshouzhi.dragon.sharding.pipeline.handler.HintParseHandler" filename="com/tianshouzhi/dragon/sharding/pipeline/handler/HintParseHandler.java" line-rate="0.0" branch-rate="1.0" complexity="1.0">
					<methods>
						<method name="&lt;init&gt;" signature="()V" line-rate="0.0" branch-rate="1.0" complexity="0">
							<lines>
								<line number="6" hits="0" branch="false"/>
							</lines>
						</method>
						<method name="invoke" signature="(Lcom/tianshouzhi/dragon/sharding/pipeline/handler/HandlerContext;)V" line-rate="0.0" branch-rate="1.0" complexity="0">
							<lines>
								<line number="11" hits="0" branch="false"/>
							</lines>
						</method>
					</methods>
					<lines>
						<line number="6" hits="0" branch="false"/>
						<line number="11" hits="0" branch="false"/>
					</lines>
				</class>
				<class name="com.tianshouzhi.dragon.sharding.pipeline.handler.ResultMergeHandler" filename="com/tianshouzhi/dragon/sharding/pipeline/handler/ResultMergeHandler.java" line-rate="0.0" branch-rate="0.0" complexity="4.0">
					<methods>
						<method name="&lt;init&gt;" signature="()V" line-rate="0.0" branch-rate="1.0" complexity="0">
							<lines>
								<line number="12" hits="0" branch="false"/>
							</lines>
						</method>
						<method name="invoke" signature="(Lcom/tianshouzhi/dragon/sharding/pipeline/handler/HandlerContext;)V" line-rate="0.0" branch-rate="0.0" complexity="0">
							<lines>
								<line number="16" hits="0" branch="false"/>
								<line number="17" hits="0" branch="false"/>
								<line number="18" hits="0" branch="false"/>
								<line number="21" hits="0" branch="true" condition-coverage="0% (0/2)">
									<conditions>
										<condition number="0" type="jump" coverage="0%"/>
									</conditions>
								</line>
								<line number="23" hits="0" branch="true" condition-coverage="0% (0/2)">
									<conditions>
										<condition number="0" type="jump" coverage="0%"/>
									</conditions>
								</line>
								<line number="24" hits="0" branch="false"/>
								<line number="26" hits="0" branch="false"/>
								<line number="29" hits="0" branch="false"/>
								<line number="30" hits="0" branch="false"/>
								<line number="31" hits="0" branch="false"/>
								<line number="33" hits="0" branch="false"/>
							</lines>
						</method>
					</methods>
					<lines>
						<line number="12" hits="0" branch="false"/>
						<line number="16" hits="0" branch="false"/>
						<line number="17" hits="0" branch="false"/>
						<line number="18" hits="0" branch="false"/>
						<line number="21" hits="0" branch="true" condition-coverage="0% (0/2)">
							<conditions>
								<condition number="0" type="jump" coverage="0%"/>
							</conditions>
						</line>
						<line number="23" hits="0" branch="true" condition-coverage="0% (0/2)">
							<conditions>
								<condition number="0" type="jump" coverage="0%"/>
							</conditions>
						</line>
						<line number="24" hits="0" branch="false"/>
						<line number="26" hits="0" branch="false"/>
						<line number="29" hits="0" branch="false"/>
						<line number="30" hits="0" branch="false"/>
						<line number="31" hits="0" branch="false"/>
						<line number="33" hits="0" branch="false"/>
					</lines>
				</class>
				<class name="com.tianshouzhi.dragon.sharding.pipeline.handler.SqlParseHandler" filename="com/tianshouzhi/dragon/sharding/pipeline/handler/SqlParseHandler.java" line-rate="0.0" branch-rate="0.0" complexity="5.0">
					<methods>
						<method name="&lt;init&gt;" signature="()V" line-rate="0.0" branch-rate="1.0" complexity="0">
							<lines>
								<line number="11" hits="0" branch="false"/>
							</lines>
						</method>
						<method name="invoke" signature="(Lcom/tianshouzhi/dragon/sharding/pipeline/handler/HandlerContext;)V" line-rate="0.0" branch-rate="0.0" complexity="0">
							<lines>
								<line number="14" hits="0" branch="false"/>
								<line number="15" hits="0" branch="false"/>
								<line number="16" hits="0" branch="true" condition-coverage="0% (0/2)">
									<conditions>
										<condition number="0" type="jump" coverage="0%"/>
									</conditions>
								</line>
								<line number="17" hits="0" branch="false"/>
								<line number="18" hits="0" branch="true" condition-coverage="0% (0/2)">
									<conditions>
										<condition number="0" type="jump" coverage="0%"/>
									</conditions>
								</line>
								<line number="19" hits="0" branch="true" condition-coverage="0% (0/2)">
									<conditions>
										<condition number="0" type="jump" coverage="0%"/>
									</conditions>
								</line>
								<line number="20" hits="0" branch="true" condition-coverage="0% (0/2)">
									<conditions>
										<condition number="0" type="jump" coverage="0%"/>
									</conditions>
								</line>
								<line number="25" hits="0" branch="false"/>
								<line number="26" hits="0" branch="false"/>
								<line number="29" hits="0" branch="false"/>
							</lines>
						</method>
					</methods>
					<lines>
						<line number="11" hits="0" branch="false"/>
						<line number="14" hits="0" branch="false"/>
						<line number="15" hits="0" branch="false"/>
						<line number="16" hits="0" branch="true" condition-coverage="0% (0/2)">
							<conditions>
								<condition number="0" type="jump" coverage="0%"/>
							</conditions>
						</line>
						<line number="17" hits="0" branch="false"/>
						<line number="18" hits="0" branch="true" condition-coverage="0% (0/2)">
							<conditions>
								<condition number="0" type="jump" coverage="0%"/>
							</conditions>
						</line>
						<line number="19" hits="0" branch="true" condition-coverage="0% (0/2)">
							<conditions>
								<condition number="0" type="jump" coverage="0%"/>
							</conditions>
						</line>
						<line number="20" hits="0" branch="true" condition-coverage="0% (0/2)">
							<conditions>
								<condition number="0" type="jump" coverage="0%"/>
							</conditions>
						</line>
						<line number="25" hits="0" branch="false"/>
						<line number="26" hits="0" branch="false"/>
						<line number="29" hits="0" branch="false"/>
					</lines>
				</class>
				<class name="com.tianshouzhi.dragon.sharding.pipeline.handler.SqlRewriteHandler" filename="com/tianshouzhi/dragon/sharding/pipeline/handler/SqlRewriteHandler.java" line-rate="0.0" branch-rate="1.0" complexity="0.0">
					<methods>
						<method name="&lt;init&gt;" signature="()V" line-rate="0.0" branch-rate="1.0" complexity="0">
							<lines>
								<line number="6" hits="0" branch="false"/>
							</lines>
						</method>
					</methods>
					<lines>
						<line number="6" hits="0" branch="false"/>
					</lines>
				</class>
			</classes>
		</package>
		<package name="com.tianshouzhi.dragon.sharding.route" line-rate="0.0" branch-rate="1.0" complexity="1.0">
			<classes>
				<class name="com.tianshouzhi.dragon.sharding.route.LogicTable" filename="com/tianshouzhi/dragon/sharding/route/LogicTable.java" line-rate="0.0" branch-rate="1.0" complexity="1.0">
					<methods>
						<method name="&lt;init&gt;" signature="(Ljava/util/Map;)V" line-rate="0.0" branch-rate="1.0" complexity="0">
							<lines>
								<line number="16" hits="0" branch="false"/>
								<line number="17" hits="0" branch="false"/>
								<line number="18" hits="0" branch="false"/>
							</lines>
						</method>
						<method name="getPhysicalTableHAIndexMap" signature="()Ljava/util/Map;" line-rate="0.0" branch-rate="1.0" complexity="0">
							<lines>
								<line number="21" hits="0" branch="false"/>
							</lines>
						</method>
					</methods>
					<lines>
						<line number="16" hits="0" branch="false"/>
						<line number="17" hits="0" branch="false"/>
						<line number="18" hits="0" branch="false"/>
						<line number="21" hits="0" branch="false"/>
					</lines>
				</class>
				<class name="com.tianshouzhi.dragon.sharding.route.Router" filename="com/tianshouzhi/dragon/sharding/route/Router.java" line-rate="0.0" branch-rate="1.0" complexity="1.0">
					<methods>
						<method name="&lt;init&gt;" signature="(Ljava/util/Map;)V" line-rate="0.0" branch-rate="1.0" complexity="0">
							<lines>
								<line number="14" hits="0" branch="false"/>
								<line number="15" hits="0" branch="false"/>
								<line number="16" hits="0" branch="false"/>
							</lines>
						</method>
					</methods>
					<lines>
						<line number="14" hits="0" branch="false"/>
						<line number="15" hits="0" branch="false"/>
						<line number="16" hits="0" branch="false"/>
					</lines>
				</class>
			</classes>
		</package>
	</packages>
</coverage>
