<?xml version="1.0"?>
<!DOCTYPE coverage SYSTEM "http://cobertura.sourceforge.net/xml/coverage-04.dtd">

<coverage line-rate="0.5065554231227652" branch-rate="0.4758842443729904" lines-covered="425" lines-valid="839" branches-covered="148" branches-valid="311" complexity="2.225806451612903" version="2.1.1" timestamp="1482288744410">
	<sources>
		<source>D:/git/dragon/dragon-ha-datasource/src/main/java</source>
		<source>--source</source>
	</sources>
	<packages>
		<package name="com.tianshouzhi.dragon.ha.hint" line-rate="0.6363636363636364" branch-rate="0.5" complexity="3.2">
			<classes>
				<class name="com.tianshouzhi.dragon.ha.hint.SqlHintUtil" filename="com/tianshouzhi/dragon/ha/hint/SqlHintUtil.java" line-rate="0.5" branch-rate="0.4166666666666667" complexity="5.0">
					<methods>
						<method name="&lt;clinit&gt;" signature="()V" line-rate="1.0" branch-rate="1.0" complexity="0">
							<lines>
								<line number="25" hits="2" branch="false"/>
							</lines>
						</method>
						<method name="&lt;init&gt;" signature="()V" line-rate="0.0" branch-rate="1.0" complexity="0">
							<lines>
								<line number="13" hits="0" branch="false"/>
							</lines>
						</method>
						<method name="getHintDataSourceIndex" signature="(Ljava/lang/String;)Ljava/util/List;" line-rate="0.9090909090909091" branch-rate="0.8333333333333334" complexity="0">
							<lines>
								<line number="30" hits="6038" branch="true" condition-coverage="50% (1/2)">
									<conditions>
										<condition number="0" type="jump" coverage="50%"/>
									</conditions>
								</line>
								<line number="31" hits="0" branch="false"/>
								<line number="34" hits="6038" branch="false"/>
								<line number="35" hits="6038" branch="true" condition-coverage="100% (2/2)">
									<conditions>
										<condition number="0" type="jump" coverage="100%"/>
									</conditions>
								</line>
								<line number="36" hits="6026" branch="false"/>
								<line number="38" hits="12" branch="false"/>
								<line number="39" hits="12" branch="false"/>
								<line number="40" hits="12" branch="false"/>
								<line number="41" hits="24" branch="true" condition-coverage="100% (2/2)">
									<conditions>
										<condition number="0" type="jump" coverage="100%"/>
									</conditions>
								</line>
								<line number="42" hits="12" branch="false"/>
								<line number="45" hits="12" branch="false"/>
							</lines>
						</method>
						<method name="main" signature="([Ljava/lang/String;)V" line-rate="0.0" branch-rate="0.0" complexity="0">
							<lines>
								<line number="49" hits="0" branch="false"/>
								<line number="50" hits="0" branch="false"/>
								<line number="51" hits="0" branch="true" condition-coverage="0% (0/2)">
									<conditions>
										<condition number="0" type="jump" coverage="0%"/>
									</conditions>
								</line>
								<line number="52" hits="0" branch="false"/>
								<line number="53" hits="0" branch="true" condition-coverage="0% (0/2)">
									<conditions>
										<condition number="0" type="jump" coverage="0%"/>
									</conditions>
								</line>
								<line number="54" hits="0" branch="false"/>
								<line number="57" hits="0" branch="true" condition-coverage="0% (0/2)">
									<conditions>
										<condition number="0" type="jump" coverage="0%"/>
									</conditions>
								</line>
								<line number="58" hits="0" branch="false"/>
								<line number="60" hits="0" branch="false"/>
							</lines>
						</method>
					</methods>
					<lines>
						<line number="13" hits="0" branch="false"/>
						<line number="25" hits="2" branch="false"/>
						<line number="30" hits="6038" branch="true" condition-coverage="50% (1/2)">
							<conditions>
								<condition number="0" type="jump" coverage="50%"/>
							</conditions>
						</line>
						<line number="31" hits="0" branch="false"/>
						<line number="34" hits="6038" branch="false"/>
						<line number="35" hits="6038" branch="true" condition-coverage="100% (2/2)">
							<conditions>
								<condition number="0" type="jump" coverage="100%"/>
							</conditions>
						</line>
						<line number="36" hits="6026" branch="false"/>
						<line number="38" hits="12" branch="false"/>
						<line number="39" hits="12" branch="false"/>
						<line number="40" hits="12" branch="false"/>
						<line number="41" hits="24" branch="true" condition-coverage="100% (2/2)">
							<conditions>
								<condition number="0" type="jump" coverage="100%"/>
							</conditions>
						</line>
						<line number="42" hits="12" branch="false"/>
						<line number="45" hits="12" branch="false"/>
						<line number="49" hits="0" branch="false"/>
						<line number="50" hits="0" branch="false"/>
						<line number="51" hits="0" branch="true" condition-coverage="0% (0/2)">
							<conditions>
								<condition number="0" type="jump" coverage="0%"/>
							</conditions>
						</line>
						<line number="52" hits="0" branch="false"/>
						<line number="53" hits="0" branch="true" condition-coverage="0% (0/2)">
							<conditions>
								<condition number="0" type="jump" coverage="0%"/>
							</conditions>
						</line>
						<line number="54" hits="0" branch="false"/>
						<line number="57" hits="0" branch="true" condition-coverage="0% (0/2)">
							<conditions>
								<condition number="0" type="jump" coverage="0%"/>
							</conditions>
						</line>
						<line number="58" hits="0" branch="false"/>
						<line number="60" hits="0" branch="false"/>
					</lines>
				</class>
				<class name="com.tianshouzhi.dragon.ha.hint.ThreadLocalHintUtil" filename="com/tianshouzhi/dragon/ha/hint/ThreadLocalHintUtil.java" line-rate="0.9090909090909091" branch-rate="0.6666666666666666" complexity="2.0">
					<methods>
						<method name="&lt;clinit&gt;" signature="()V" line-rate="1.0" branch-rate="1.0" complexity="0">
							<lines>
								<line number="12" hits="2" branch="false"/>
							</lines>
						</method>
						<method name="&lt;init&gt;" signature="()V" line-rate="0.0" branch-rate="1.0" complexity="0">
							<lines>
								<line number="11" hits="0" branch="false"/>
							</lines>
						</method>
						<method name="getHintDataSourceIndexes" signature="()Ljava/util/List;" line-rate="1.0" branch-rate="1.0" complexity="0">
							<lines>
								<line number="23" hits="6048" branch="false"/>
							</lines>
						</method>
						<method name="remove" signature="()V" line-rate="1.0" branch-rate="1.0" complexity="0">
							<lines>
								<line number="27" hits="10" branch="false"/>
								<line number="28" hits="10" branch="false"/>
							</lines>
						</method>
						<method name="setDBIndexes" signature="([Ljava/lang/String;)V" line-rate="1.0" branch-rate="0.6666666666666666" complexity="0">
							<lines>
								<line number="14" hits="10" branch="true" condition-coverage="50% (2/4)">
									<conditions>
										<condition number="0" type="jump" coverage="50%"/>
										<condition number="1" type="jump" coverage="50%"/>
									</conditions>
								</line>
								<line number="15" hits="10" branch="false"/>
								<line number="16" hits="20" branch="true" condition-coverage="100% (2/2)">
									<conditions>
										<condition number="0" type="jump" coverage="100%"/>
									</conditions>
								</line>
								<line number="17" hits="10" branch="false"/>
								<line number="19" hits="10" branch="false"/>
								<line number="21" hits="10" branch="false"/>
							</lines>
						</method>
					</methods>
					<lines>
						<line number="11" hits="0" branch="false"/>
						<line number="12" hits="2" branch="false"/>
						<line number="14" hits="10" branch="true" condition-coverage="50% (2/4)">
							<conditions>
								<condition number="0" type="jump" coverage="50%"/>
								<condition number="1" type="jump" coverage="50%"/>
							</conditions>
						</line>
						<line number="15" hits="10" branch="false"/>
						<line number="16" hits="20" branch="true" condition-coverage="100% (2/2)">
							<conditions>
								<condition number="0" type="jump" coverage="100%"/>
							</conditions>
						</line>
						<line number="17" hits="10" branch="false"/>
						<line number="19" hits="10" branch="false"/>
						<line number="21" hits="10" branch="false"/>
						<line number="23" hits="6048" branch="false"/>
						<line number="27" hits="10" branch="false"/>
						<line number="28" hits="10" branch="false"/>
					</lines>
				</class>
			</classes>
		</package>
		<package name="com.tianshouzhi.dragon.ha.jdbc.connection" line-rate="0.38613861386138615" branch-rate="0.4666666666666667" complexity="2.116279069767442">
			<classes>
				<class name="com.tianshouzhi.dragon.ha.jdbc.connection.DragonHAConnection" filename="com/tianshouzhi/dragon/ha/jdbc/connection/DragonHAConnection.java" line-rate="0.38613861386138615" branch-rate="0.4666666666666667" complexity="2.116279069767442">
					<methods>
						<method name="&lt;clinit&gt;" signature="()V" line-rate="1.0" branch-rate="1.0" complexity="0">
							<lines>
								<line number="27" hits="2" branch="false"/>
							</lines>
						</method>
						<method name="&lt;init&gt;" signature="(Ljava/lang/String;Ljava/lang/String;Lcom/tianshouzhi/dragon/ha/jdbc/datasource/HADataSourceManager;)V" line-rate="0.8" branch-rate="0.5" complexity="0">
							<lines>
								<line number="41" hits="6038" branch="false"/>
								<line number="42" hits="6038" branch="true" condition-coverage="50% (1/2)">
									<conditions>
										<condition number="0" type="jump" coverage="50%"/>
									</conditions>
								</line>
								<line number="43" hits="0" branch="false"/>
								<line number="45" hits="6038" branch="false"/>
								<line number="46" hits="6038" branch="false"/>
							</lines>
						</method>
						<method name="buildNewConnectionByHintIfNeed" signature="(Ljava/util/List;)V" line-rate="1.0" branch-rate="1.0" complexity="0">
							<lines>
								<line number="198" hits="22" branch="true" condition-coverage="100% (2/2)">
									<conditions>
										<condition number="0" type="jump" coverage="100%"/>
									</conditions>
								</line>
								<line number="199" hits="8" branch="false"/>
								<line number="200" hits="8" branch="false"/>
								<line number="201" hits="8" branch="false"/>
								<line number="203" hits="14" branch="true" condition-coverage="100% (2/2)">
									<conditions>
										<condition number="0" type="jump" coverage="100%"/>
									</conditions>
								</line>
								<line number="204" hits="4" branch="false"/>
								<line number="206" hits="14" branch="false"/>
								<line number="207" hits="14" branch="false"/>
								<line number="208" hits="14" branch="false"/>
								<line number="209" hits="14" branch="false"/>
								<line number="210" hits="14" branch="false"/>
								<line number="211" hits="14" branch="false"/>
							</lines>
						</method>
						<method name="buildNewReadConnectionExclue" signature="(Ljava/util/Set;)Ljava/sql/Connection;" line-rate="0.0" branch-rate="0.0" complexity="0">
							<lines>
								<line number="225" hits="0" branch="true" condition-coverage="0% (0/2)">
									<conditions>
										<condition number="0" type="jump" coverage="0%"/>
									</conditions>
								</line>
								<line number="226" hits="0" branch="false"/>
								<line number="228" hits="0" branch="false"/>
								<line number="229" hits="0" branch="true" condition-coverage="0% (0/2)">
									<conditions>
										<condition number="0" type="jump" coverage="0%"/>
									</conditions>
								</line>
								<line number="230" hits="0" branch="false"/>
								<line number="232" hits="0" branch="false"/>
								<line number="233" hits="0" branch="false"/>
								<line number="234" hits="0" branch="false"/>
								<line number="235" hits="0" branch="false"/>
							</lines>
						</method>
						<method name="buildNewReadConnectionIfNeed" signature="()Ljava/sql/Connection;" line-rate="1.0" branch-rate="1.0" complexity="0">
							<lines>
								<line number="213" hits="6010" branch="true" condition-coverage="100% (2/2)">
									<conditions>
										<condition number="0" type="jump" coverage="100%"/>
									</conditions>
								</line>
								<line number="214" hits="4" branch="false"/>
								<line number="215" hits="4" branch="false"/>
								<line number="216" hits="4" branch="false"/>
								<line number="218" hits="6006" branch="false"/>
								<line number="219" hits="6006" branch="false"/>
								<line number="220" hits="6006" branch="false"/>
								<line number="221" hits="6006" branch="false"/>
								<line number="222" hits="6006" branch="false"/>
							</lines>
						</method>
						<method name="buildNewWriteConnectionIfNeed" signature="()Ljava/sql/Connection;" line-rate="1.0" branch-rate="1.0" complexity="0">
							<lines>
								<line number="239" hits="24" branch="true" condition-coverage="100% (4/4)">
									<conditions>
										<condition number="0" type="jump" coverage="100%"/>
										<condition number="1" type="jump" coverage="100%"/>
									</conditions>
								</line>
								<line number="240" hits="18" branch="true" condition-coverage="100% (2/2)">
									<conditions>
										<condition number="0" type="jump" coverage="100%"/>
									</conditions>
								</line>
								<line number="241" hits="2" branch="false"/>
								<line number="242" hits="2" branch="false"/>
								<line number="244" hits="16" branch="false"/>
								<line number="246" hits="18" branch="false"/>
								<line number="247" hits="18" branch="false"/>
								<line number="248" hits="18" branch="false"/>
								<line number="249" hits="18" branch="false"/>
								<line number="250" hits="18" branch="false"/>
								<line number="252" hits="6" branch="false"/>
								<line number="253" hits="6" branch="false"/>
								<line number="254" hits="6" branch="false"/>
							</lines>
						</method>
						<method name="clearWarnings" signature="()V" line-rate="0.0" branch-rate="0.0" complexity="0">
							<lines>
								<line number="370" hits="0" branch="false"/>
								<line number="371" hits="0" branch="true" condition-coverage="0% (0/2)">
									<conditions>
										<condition number="0" type="jump" coverage="0%"/>
									</conditions>
								</line>
								<line number="372" hits="0" branch="false"/>
								<line number="374" hits="0" branch="false"/>
							</lines>
						</method>
						<method name="close" signature="()V" line-rate="0.8571428571428571" branch-rate="0.75" complexity="0">
							<lines>
								<line number="274" hits="6032" branch="true" condition-coverage="50% (1/2)">
									<conditions>
										<condition number="0" type="jump" coverage="50%"/>
									</conditions>
								</line>
								<line number="275" hits="0" branch="false"/>
								<line number="277" hits="6032" branch="true" condition-coverage="100% (2/2)">
									<conditions>
										<condition number="0" type="jump" coverage="100%"/>
									</conditions>
								</line>
								<line number="278" hits="6026" branch="false"/>
								<line number="279" hits="6026" branch="false"/>
								<line number="281" hits="6032" branch="false"/>
								<line number="282" hits="6032" branch="false"/>
							</lines>
						</method>
						<method name="commit" signature="()V" line-rate="0.8333333333333334" branch-rate="0.5" complexity="0">
							<lines>
								<line number="293" hits="2" branch="false"/>
								<line number="294" hits="2" branch="true" condition-coverage="50% (1/2)">
									<conditions>
										<condition number="0" type="jump" coverage="50%"/>
									</conditions>
								</line>
								<line number="295" hits="0" branch="false"/>
								<line number="297" hits="2" branch="true" condition-coverage="50% (1/2)">
									<conditions>
										<condition number="0" type="jump" coverage="50%"/>
									</conditions>
								</line>
								<line number="298" hits="2" branch="false"/>
								<line number="300" hits="2" branch="false"/>
							</lines>
						</method>
						<method name="createArrayOf" signature="(Ljava/lang/String;[Ljava/lang/Object;)Ljava/sql/Array;" line-rate="0.0" branch-rate="1.0" complexity="0">
							<lines>
								<line number="407" hits="0" branch="false"/>
								<line number="408" hits="0" branch="false"/>
								<line number="409" hits="0" branch="false"/>
							</lines>
						</method>
						<method name="createBlob" signature="()Ljava/sql/Blob;" line-rate="0.0" branch-rate="1.0" complexity="0">
							<lines>
								<line number="428" hits="0" branch="false"/>
								<line number="429" hits="0" branch="false"/>
								<line number="430" hits="0" branch="false"/>
							</lines>
						</method>
						<method name="createClob" signature="()Ljava/sql/Clob;" line-rate="0.0" branch-rate="1.0" complexity="0">
							<lines>
								<line number="421" hits="0" branch="false"/>
								<line number="422" hits="0" branch="false"/>
								<line number="423" hits="0" branch="false"/>
							</lines>
						</method>
						<method name="createNClob" signature="()Ljava/sql/NClob;" line-rate="0.0" branch-rate="1.0" complexity="0">
							<lines>
								<line number="435" hits="0" branch="false"/>
								<line number="436" hits="0" branch="false"/>
								<line number="437" hits="0" branch="false"/>
							</lines>
						</method>
						<method name="createSQLXML" signature="()Ljava/sql/SQLXML;" line-rate="0.0" branch-rate="1.0" complexity="0">
							<lines>
								<line number="442" hits="0" branch="false"/>
								<line number="443" hits="0" branch="false"/>
								<line number="444" hits="0" branch="false"/>
							</lines>
						</method>
						<method name="createStatement" signature="()Lcom/tianshouzhi/dragon/ha/jdbc/statement/DragonHAStatement;" line-rate="1.0" branch-rate="1.0" complexity="0">
							<lines>
								<line number="52" hits="14" branch="false"/>
								<line number="53" hits="14" branch="false"/>
								<line number="54" hits="14" branch="false"/>
								<line number="55" hits="14" branch="false"/>
							</lines>
						</method>
						<method name="createStatement" signature="()Ljava/sql/Statement;" line-rate="1.0" branch-rate="1.0" complexity="0">
							<lines>
								<line number="26" hits="12" branch="false"/>
							</lines>
						</method>
						<method name="createStatement" signature="(II)Lcom/tianshouzhi/dragon/ha/jdbc/statement/DragonHAStatement;" line-rate="0.0" branch-rate="1.0" complexity="0">
							<lines>
								<line number="60" hits="0" branch="false"/>
								<line number="61" hits="0" branch="false"/>
								<line number="62" hits="0" branch="false"/>
								<line number="63" hits="0" branch="false"/>
							</lines>
						</method>
						<method name="createStatement" signature="(II)Ljava/sql/Statement;" line-rate="1.0" branch-rate="1.0" complexity="0">
							<lines>
							</lines>
						</method>
						<method name="createStatement" signature="(III)Lcom/tianshouzhi/dragon/ha/jdbc/statement/DragonHAStatement;" line-rate="0.0" branch-rate="1.0" complexity="0">
							<lines>
								<line number="68" hits="0" branch="false"/>
								<line number="69" hits="0" branch="false"/>
								<line number="70" hits="0" branch="false"/>
								<line number="71" hits="0" branch="false"/>
							</lines>
						</method>
						<method name="createStatement" signature="(III)Ljava/sql/Statement;" line-rate="1.0" branch-rate="1.0" complexity="0">
							<lines>
							</lines>
						</method>
						<method name="createStruct" signature="(Ljava/lang/String;[Ljava/lang/Object;)Ljava/sql/Struct;" line-rate="0.0" branch-rate="1.0" complexity="0">
							<lines>
								<line number="414" hits="0" branch="false"/>
								<line number="415" hits="0" branch="false"/>
								<line number="416" hits="0" branch="false"/>
							</lines>
						</method>
						<method name="getClientInfo" signature="()Ljava/util/Properties;" line-rate="0.0" branch-rate="0.0" complexity="0">
							<lines>
								<line number="398" hits="0" branch="false"/>
								<line number="399" hits="0" branch="true" condition-coverage="0% (0/2)">
									<conditions>
										<condition number="0" type="jump" coverage="0%"/>
									</conditions>
								</line>
								<line number="400" hits="0" branch="false"/>
								<line number="402" hits="0" branch="false"/>
							</lines>
						</method>
						<method name="getClientInfo" signature="(Ljava/lang/String;)Ljava/lang/String;" line-rate="0.0" branch-rate="0.0" complexity="0">
							<lines>
								<line number="389" hits="0" branch="false"/>
								<line number="390" hits="0" branch="true" condition-coverage="0% (0/2)">
									<conditions>
										<condition number="0" type="jump" coverage="0%"/>
									</conditions>
								</line>
								<line number="391" hits="0" branch="false"/>
								<line number="393" hits="0" branch="false"/>
							</lines>
						</method>
						<method name="getCurrentDBIndex" signature="()Lcom/tianshouzhi/dragon/common/jdbc/datasource/DataSourceIndex;" line-rate="0.0" branch-rate="1.0" complexity="0">
							<lines>
								<line number="448" hits="0" branch="false"/>
							</lines>
						</method>
						<method name="getCurrentRealConnection" signature="()Ljava/sql/Connection;" line-rate="0.0" branch-rate="1.0" complexity="0">
							<lines>
								<line number="452" hits="0" branch="false"/>
							</lines>
						</method>
						<method name="getDataSourceIndex" signature="()Lcom/tianshouzhi/dragon/common/jdbc/datasource/DataSourceIndex;" line-rate="1.0" branch-rate="1.0" complexity="0">
							<lines>
								<line number="469" hits="6000" branch="false"/>
							</lines>
						</method>
						<method name="getExceptionSorter" signature="()Lcom/tianshouzhi/dragon/common/exception/ExceptionSorter;" line-rate="0.0" branch-rate="1.0" complexity="0">
							<lines>
								<line number="463" hits="0" branch="false"/>
								<line number="464" hits="0" branch="false"/>
								<line number="465" hits="0" branch="false"/>
							</lines>
						</method>
						<method name="getHAConnectionManager" signature="()Lcom/tianshouzhi/dragon/ha/jdbc/datasource/HADataSourceManager;" line-rate="0.0" branch-rate="1.0" complexity="0">
							<lines>
								<line number="258" hits="0" branch="false"/>
							</lines>
						</method>
						<method name="getMetaData" signature="()Ljava/sql/DatabaseMetaData;" line-rate="0.0" branch-rate="1.0" complexity="0">
							<lines>
								<line number="286" hits="0" branch="false"/>
								<line number="287" hits="0" branch="false"/>
								<line number="288" hits="0" branch="false"/>
							</lines>
						</method>
						<method name="getRealConnection" signature="(Ljava/lang/String;Z)Ljava/sql/Connection;" line-rate="1.0" branch-rate="0.8333333333333334" complexity="0">
							<lines>
								<line number="165" hits="6052" branch="true" condition-coverage="100% (2/2)">
									<conditions>
										<condition number="0" type="jump" coverage="100%"/>
									</conditions>
								</line>
								<line number="166" hits="4" branch="false"/>
								<line number="167" hits="4" branch="false"/>
								<line number="171" hits="6048" branch="false"/>
								<line number="172" hits="6048" branch="true" condition-coverage="75% (3/4)">
									<conditions>
										<condition number="0" type="jump" coverage="100%"/>
										<condition number="1" type="jump" coverage="50%"/>
									</conditions>
								</line>
								<line number="173" hits="10" branch="false"/>
								<line number="174" hits="10" branch="false"/>
								<line number="175" hits="10" branch="false"/>
								<line number="179" hits="6038" branch="false"/>
								<line number="180" hits="6038" branch="true" condition-coverage="75% (3/4)">
									<conditions>
										<condition number="0" type="jump" coverage="100%"/>
										<condition number="1" type="jump" coverage="50%"/>
									</conditions>
								</line>
								<line number="181" hits="12" branch="false"/>
								<line number="182" hits="12" branch="false"/>
								<line number="183" hits="12" branch="false"/>
								<line number="187" hits="6026" branch="false"/>
								<line number="188" hits="6026" branch="false"/>
								<line number="189" hits="6026" branch="true" condition-coverage="100% (2/2)">
									<conditions>
										<condition number="0" type="jump" coverage="100%"/>
									</conditions>
								</line>
								<line number="190" hits="6010" branch="false"/>
								<line number="192" hits="16" branch="false"/>
							</lines>
						</method>
						<method name="getWarnings" signature="()Ljava/sql/SQLWarning;" line-rate="0.0" branch-rate="0.0" complexity="0">
							<lines>
								<line number="361" hits="0" branch="false"/>
								<line number="362" hits="0" branch="true" condition-coverage="0% (0/2)">
									<conditions>
										<condition number="0" type="jump" coverage="0%"/>
									</conditions>
								</line>
								<line number="363" hits="0" branch="false"/>
								<line number="365" hits="0" branch="false"/>
							</lines>
						</method>
						<method name="isValid" signature="(I)Z" line-rate="0.0" branch-rate="0.0" complexity="0">
							<lines>
								<line number="378" hits="0" branch="true" condition-coverage="0% (0/2)">
									<conditions>
										<condition number="0" type="jump" coverage="0%"/>
									</conditions>
								</line>
								<line number="379" hits="0" branch="false"/>
								<line number="381" hits="0" branch="true" condition-coverage="0% (0/2)">
									<conditions>
										<condition number="0" type="jump" coverage="0%"/>
									</conditions>
								</line>
								<line number="382" hits="0" branch="false"/>
								<line number="384" hits="0" branch="false"/>
							</lines>
						</method>
						<method name="nativeSQL" signature="(Ljava/lang/String;)Ljava/lang/String;" line-rate="0.0" branch-rate="1.0" complexity="0">
							<lines>
								<line number="457" hits="0" branch="false"/>
								<line number="458" hits="0" branch="false"/>
								<line number="459" hits="0" branch="false"/>
							</lines>
						</method>
						<method name="prepareCall" signature="(Ljava/lang/String;)Ljava/sql/CallableStatement;" line-rate="0.0" branch-rate="1.0" complexity="0">
							<lines>
								<line number="133" hits="0" branch="false"/>
								<line number="134" hits="0" branch="false"/>
								<line number="135" hits="0" branch="false"/>
							</lines>
						</method>
						<method name="prepareCall" signature="(Ljava/lang/String;II)Ljava/sql/CallableStatement;" line-rate="0.0" branch-rate="1.0" complexity="0">
							<lines>
								<line number="140" hits="0" branch="false"/>
								<line number="141" hits="0" branch="false"/>
								<line number="142" hits="0" branch="false"/>
							</lines>
						</method>
						<method name="prepareCall" signature="(Ljava/lang/String;III)Ljava/sql/CallableStatement;" line-rate="0.0" branch-rate="1.0" complexity="0">
							<lines>
								<line number="147" hits="0" branch="false"/>
								<line number="148" hits="0" branch="false"/>
								<line number="149" hits="0" branch="false"/>
							</lines>
						</method>
						<method name="prepareStatement" signature="(Ljava/lang/String;)Lcom/tianshouzhi/dragon/ha/jdbc/statement/DragonHAPrepareStatement;" line-rate="1.0" branch-rate="1.0" complexity="0">
							<lines>
								<line number="76" hits="6042" branch="false"/>
								<line number="77" hits="6042" branch="false"/>
								<line number="78" hits="6042" branch="false"/>
								<line number="79" hits="6042" branch="false"/>
							</lines>
						</method>
						<method name="prepareStatement" signature="(Ljava/lang/String;)Ljava/sql/PreparedStatement;" line-rate="1.0" branch-rate="1.0" complexity="0">
							<lines>
							</lines>
						</method>
						<method name="prepareStatement" signature="(Ljava/lang/String;I)Lcom/tianshouzhi/dragon/ha/jdbc/statement/DragonHAPrepareStatement;" line-rate="0.0" branch-rate="1.0" complexity="0">
							<lines>
								<line number="100" hits="0" branch="false"/>
								<line number="101" hits="0" branch="false"/>
								<line number="102" hits="0" branch="false"/>
								<line number="103" hits="0" branch="false"/>
							</lines>
						</method>
						<method name="prepareStatement" signature="(Ljava/lang/String;I)Ljava/sql/PreparedStatement;" line-rate="1.0" branch-rate="1.0" complexity="0">
							<lines>
							</lines>
						</method>
						<method name="prepareStatement" signature="(Ljava/lang/String;II)Lcom/tianshouzhi/dragon/ha/jdbc/statement/DragonHAPrepareStatement;" line-rate="0.0" branch-rate="1.0" complexity="0">
							<lines>
								<line number="84" hits="0" branch="false"/>
								<line number="85" hits="0" branch="false"/>
								<line number="86" hits="0" branch="false"/>
								<line number="87" hits="0" branch="false"/>
							</lines>
						</method>
						<method name="prepareStatement" signature="(Ljava/lang/String;II)Ljava/sql/PreparedStatement;" line-rate="1.0" branch-rate="1.0" complexity="0">
							<lines>
							</lines>
						</method>
						<method name="prepareStatement" signature="(Ljava/lang/String;III)Lcom/tianshouzhi/dragon/ha/jdbc/statement/DragonHAPrepareStatement;" line-rate="0.0" branch-rate="1.0" complexity="0">
							<lines>
								<line number="92" hits="0" branch="false"/>
								<line number="93" hits="0" branch="false"/>
								<line number="94" hits="0" branch="false"/>
								<line number="95" hits="0" branch="false"/>
							</lines>
						</method>
						<method name="prepareStatement" signature="(Ljava/lang/String;III)Ljava/sql/PreparedStatement;" line-rate="1.0" branch-rate="1.0" complexity="0">
							<lines>
							</lines>
						</method>
						<method name="prepareStatement" signature="(Ljava/lang/String;[I)Lcom/tianshouzhi/dragon/ha/jdbc/statement/DragonHAPrepareStatement;" line-rate="0.0" branch-rate="1.0" complexity="0">
							<lines>
								<line number="108" hits="0" branch="false"/>
								<line number="109" hits="0" branch="false"/>
								<line number="110" hits="0" branch="false"/>
								<line number="111" hits="0" branch="false"/>
							</lines>
						</method>
						<method name="prepareStatement" signature="(Ljava/lang/String;[I)Ljava/sql/PreparedStatement;" line-rate="1.0" branch-rate="1.0" complexity="0">
							<lines>
							</lines>
						</method>
						<method name="prepareStatement" signature="(Ljava/lang/String;[Ljava/lang/String;)Lcom/tianshouzhi/dragon/ha/jdbc/statement/DragonHAPrepareStatement;" line-rate="0.0" branch-rate="1.0" complexity="0">
							<lines>
								<line number="116" hits="0" branch="false"/>
								<line number="117" hits="0" branch="false"/>
								<line number="118" hits="0" branch="false"/>
								<line number="119" hits="0" branch="false"/>
							</lines>
						</method>
						<method name="prepareStatement" signature="(Ljava/lang/String;[Ljava/lang/String;)Ljava/sql/PreparedStatement;" line-rate="1.0" branch-rate="1.0" complexity="0">
							<lines>
							</lines>
						</method>
						<method name="releaseSavepoint" signature="(Ljava/sql/Savepoint;)V" line-rate="0.0" branch-rate="0.0" complexity="0">
							<lines>
								<line number="352" hits="0" branch="false"/>
								<line number="353" hits="0" branch="true" condition-coverage="0% (0/2)">
									<conditions>
										<condition number="0" type="jump" coverage="0%"/>
									</conditions>
								</line>
								<line number="354" hits="0" branch="false"/>
								<line number="355" hits="0" branch="false"/>
							</lines>
						</method>
						<method name="rollback" signature="()V" line-rate="0.0" branch-rate="0.0" complexity="0">
							<lines>
								<line number="307" hits="0" branch="false"/>
								<line number="308" hits="0" branch="true" condition-coverage="0% (0/2)">
									<conditions>
										<condition number="0" type="jump" coverage="0%"/>
									</conditions>
								</line>
								<line number="309" hits="0" branch="false"/>
								<line number="311" hits="0" branch="true" condition-coverage="0% (0/2)">
									<conditions>
										<condition number="0" type="jump" coverage="0%"/>
									</conditions>
								</line>
								<line number="312" hits="0" branch="false"/>
								<line number="314" hits="0" branch="false"/>
							</lines>
						</method>
						<method name="rollback" signature="(Ljava/sql/Savepoint;)V" line-rate="0.0" branch-rate="0.0" complexity="0">
							<lines>
								<line number="318" hits="0" branch="false"/>
								<line number="319" hits="0" branch="true" condition-coverage="0% (0/2)">
									<conditions>
										<condition number="0" type="jump" coverage="0%"/>
									</conditions>
								</line>
								<line number="320" hits="0" branch="false"/>
								<line number="322" hits="0" branch="true" condition-coverage="0% (0/2)">
									<conditions>
										<condition number="0" type="jump" coverage="0%"/>
									</conditions>
								</line>
								<line number="323" hits="0" branch="false"/>
								<line number="325" hits="0" branch="false"/>
							</lines>
						</method>
						<method name="setSavepoint" signature="()Ljava/sql/Savepoint;" line-rate="0.0" branch-rate="1.0" complexity="0">
							<lines>
								<line number="329" hits="0" branch="false"/>
								<line number="330" hits="0" branch="false"/>
								<line number="331" hits="0" branch="false"/>
								<line number="332" hits="0" branch="false"/>
							</lines>
						</method>
						<method name="setSavepoint" signature="(Ljava/lang/String;)Ljava/sql/Savepoint;" line-rate="0.0" branch-rate="1.0" complexity="0">
							<lines>
								<line number="337" hits="0" branch="false"/>
								<line number="338" hits="0" branch="false"/>
								<line number="339" hits="0" branch="false"/>
								<line number="340" hits="0" branch="false"/>
							</lines>
						</method>
					</methods>
					<lines>
						<line number="26" hits="12" branch="false"/>
						<line number="27" hits="2" branch="false"/>
						<line number="41" hits="6038" branch="false"/>
						<line number="42" hits="6038" branch="true" condition-coverage="50% (1/2)">
							<conditions>
								<condition number="0" type="jump" coverage="50%"/>
							</conditions>
						</line>
						<line number="43" hits="0" branch="false"/>
						<line number="45" hits="6038" branch="false"/>
						<line number="46" hits="6038" branch="false"/>
						<line number="52" hits="14" branch="false"/>
						<line number="53" hits="14" branch="false"/>
						<line number="54" hits="14" branch="false"/>
						<line number="55" hits="14" branch="false"/>
						<line number="60" hits="0" branch="false"/>
						<line number="61" hits="0" branch="false"/>
						<line number="62" hits="0" branch="false"/>
						<line number="63" hits="0" branch="false"/>
						<line number="68" hits="0" branch="false"/>
						<line number="69" hits="0" branch="false"/>
						<line number="70" hits="0" branch="false"/>
						<line number="71" hits="0" branch="false"/>
						<line number="76" hits="6042" branch="false"/>
						<line number="77" hits="6042" branch="false"/>
						<line number="78" hits="6042" branch="false"/>
						<line number="79" hits="6042" branch="false"/>
						<line number="84" hits="0" branch="false"/>
						<line number="85" hits="0" branch="false"/>
						<line number="86" hits="0" branch="false"/>
						<line number="87" hits="0" branch="false"/>
						<line number="92" hits="0" branch="false"/>
						<line number="93" hits="0" branch="false"/>
						<line number="94" hits="0" branch="false"/>
						<line number="95" hits="0" branch="false"/>
						<line number="100" hits="0" branch="false"/>
						<line number="101" hits="0" branch="false"/>
						<line number="102" hits="0" branch="false"/>
						<line number="103" hits="0" branch="false"/>
						<line number="108" hits="0" branch="false"/>
						<line number="109" hits="0" branch="false"/>
						<line number="110" hits="0" branch="false"/>
						<line number="111" hits="0" branch="false"/>
						<line number="116" hits="0" branch="false"/>
						<line number="117" hits="0" branch="false"/>
						<line number="118" hits="0" branch="false"/>
						<line number="119" hits="0" branch="false"/>
						<line number="133" hits="0" branch="false"/>
						<line number="134" hits="0" branch="false"/>
						<line number="135" hits="0" branch="false"/>
						<line number="140" hits="0" branch="false"/>
						<line number="141" hits="0" branch="false"/>
						<line number="142" hits="0" branch="false"/>
						<line number="147" hits="0" branch="false"/>
						<line number="148" hits="0" branch="false"/>
						<line number="149" hits="0" branch="false"/>
						<line number="165" hits="6052" branch="true" condition-coverage="100% (2/2)">
							<conditions>
								<condition number="0" type="jump" coverage="100%"/>
							</conditions>
						</line>
						<line number="166" hits="4" branch="false"/>
						<line number="167" hits="4" branch="false"/>
						<line number="171" hits="6048" branch="false"/>
						<line number="172" hits="6048" branch="true" condition-coverage="75% (3/4)">
							<conditions>
								<condition number="0" type="jump" coverage="100%"/>
								<condition number="1" type="jump" coverage="50%"/>
							</conditions>
						</line>
						<line number="173" hits="10" branch="false"/>
						<line number="174" hits="10" branch="false"/>
						<line number="175" hits="10" branch="false"/>
						<line number="179" hits="6038" branch="false"/>
						<line number="180" hits="6038" branch="true" condition-coverage="75% (3/4)">
							<conditions>
								<condition number="0" type="jump" coverage="100%"/>
								<condition number="1" type="jump" coverage="50%"/>
							</conditions>
						</line>
						<line number="181" hits="12" branch="false"/>
						<line number="182" hits="12" branch="false"/>
						<line number="183" hits="12" branch="false"/>
						<line number="187" hits="6026" branch="false"/>
						<line number="188" hits="6026" branch="false"/>
						<line number="189" hits="6026" branch="true" condition-coverage="100% (2/2)">
							<conditions>
								<condition number="0" type="jump" coverage="100%"/>
							</conditions>
						</line>
						<line number="190" hits="6010" branch="false"/>
						<line number="192" hits="16" branch="false"/>
						<line number="198" hits="22" branch="true" condition-coverage="100% (2/2)">
							<conditions>
								<condition number="0" type="jump" coverage="100%"/>
							</conditions>
						</line>
						<line number="199" hits="8" branch="false"/>
						<line number="200" hits="8" branch="false"/>
						<line number="201" hits="8" branch="false"/>
						<line number="203" hits="14" branch="true" condition-coverage="100% (2/2)">
							<conditions>
								<condition number="0" type="jump" coverage="100%"/>
							</conditions>
						</line>
						<line number="204" hits="4" branch="false"/>
						<line number="206" hits="14" branch="false"/>
						<line number="207" hits="14" branch="false"/>
						<line number="208" hits="14" branch="false"/>
						<line number="209" hits="14" branch="false"/>
						<line number="210" hits="14" branch="false"/>
						<line number="211" hits="14" branch="false"/>
						<line number="213" hits="6010" branch="true" condition-coverage="100% (2/2)">
							<conditions>
								<condition number="0" type="jump" coverage="100%"/>
							</conditions>
						</line>
						<line number="214" hits="4" branch="false"/>
						<line number="215" hits="4" branch="false"/>
						<line number="216" hits="4" branch="false"/>
						<line number="218" hits="6006" branch="false"/>
						<line number="219" hits="6006" branch="false"/>
						<line number="220" hits="6006" branch="false"/>
						<line number="221" hits="6006" branch="false"/>
						<line number="222" hits="6006" branch="false"/>
						<line number="225" hits="0" branch="true" condition-coverage="0% (0/2)">
							<conditions>
								<condition number="0" type="jump" coverage="0%"/>
							</conditions>
						</line>
						<line number="226" hits="0" branch="false"/>
						<line number="228" hits="0" branch="false"/>
						<line number="229" hits="0" branch="true" condition-coverage="0% (0/2)">
							<conditions>
								<condition number="0" type="jump" coverage="0%"/>
							</conditions>
						</line>
						<line number="230" hits="0" branch="false"/>
						<line number="232" hits="0" branch="false"/>
						<line number="233" hits="0" branch="false"/>
						<line number="234" hits="0" branch="false"/>
						<line number="235" hits="0" branch="false"/>
						<line number="239" hits="24" branch="true" condition-coverage="100% (4/4)">
							<conditions>
								<condition number="0" type="jump" coverage="100%"/>
								<condition number="1" type="jump" coverage="100%"/>
							</conditions>
						</line>
						<line number="240" hits="18" branch="true" condition-coverage="100% (2/2)">
							<conditions>
								<condition number="0" type="jump" coverage="100%"/>
							</conditions>
						</line>
						<line number="241" hits="2" branch="false"/>
						<line number="242" hits="2" branch="false"/>
						<line number="244" hits="16" branch="false"/>
						<line number="246" hits="18" branch="false"/>
						<line number="247" hits="18" branch="false"/>
						<line number="248" hits="18" branch="false"/>
						<line number="249" hits="18" branch="false"/>
						<line number="250" hits="18" branch="false"/>
						<line number="252" hits="6" branch="false"/>
						<line number="253" hits="6" branch="false"/>
						<line number="254" hits="6" branch="false"/>
						<line number="258" hits="0" branch="false"/>
						<line number="274" hits="6032" branch="true" condition-coverage="50% (1/2)">
							<conditions>
								<condition number="0" type="jump" coverage="50%"/>
							</conditions>
						</line>
						<line number="275" hits="0" branch="false"/>
						<line number="277" hits="6032" branch="true" condition-coverage="100% (2/2)">
							<conditions>
								<condition number="0" type="jump" coverage="100%"/>
							</conditions>
						</line>
						<line number="278" hits="6026" branch="false"/>
						<line number="279" hits="6026" branch="false"/>
						<line number="281" hits="6032" branch="false"/>
						<line number="282" hits="6032" branch="false"/>
						<line number="286" hits="0" branch="false"/>
						<line number="287" hits="0" branch="false"/>
						<line number="288" hits="0" branch="false"/>
						<line number="293" hits="2" branch="false"/>
						<line number="294" hits="2" branch="true" condition-coverage="50% (1/2)">
							<conditions>
								<condition number="0" type="jump" coverage="50%"/>
							</conditions>
						</line>
						<line number="295" hits="0" branch="false"/>
						<line number="297" hits="2" branch="true" condition-coverage="50% (1/2)">
							<conditions>
								<condition number="0" type="jump" coverage="50%"/>
							</conditions>
						</line>
						<line number="298" hits="2" branch="false"/>
						<line number="300" hits="2" branch="false"/>
						<line number="307" hits="0" branch="false"/>
						<line number="308" hits="0" branch="true" condition-coverage="0% (0/2)">
							<conditions>
								<condition number="0" type="jump" coverage="0%"/>
							</conditions>
						</line>
						<line number="309" hits="0" branch="false"/>
						<line number="311" hits="0" branch="true" condition-coverage="0% (0/2)">
							<conditions>
								<condition number="0" type="jump" coverage="0%"/>
							</conditions>
						</line>
						<line number="312" hits="0" branch="false"/>
						<line number="314" hits="0" branch="false"/>
						<line number="318" hits="0" branch="false"/>
						<line number="319" hits="0" branch="true" condition-coverage="0% (0/2)">
							<conditions>
								<condition number="0" type="jump" coverage="0%"/>
							</conditions>
						</line>
						<line number="320" hits="0" branch="false"/>
						<line number="322" hits="0" branch="true" condition-coverage="0% (0/2)">
							<conditions>
								<condition number="0" type="jump" coverage="0%"/>
							</conditions>
						</line>
						<line number="323" hits="0" branch="false"/>
						<line number="325" hits="0" branch="false"/>
						<line number="329" hits="0" branch="false"/>
						<line number="330" hits="0" branch="false"/>
						<line number="331" hits="0" branch="false"/>
						<line number="332" hits="0" branch="false"/>
						<line number="337" hits="0" branch="false"/>
						<line number="338" hits="0" branch="false"/>
						<line number="339" hits="0" branch="false"/>
						<line number="340" hits="0" branch="false"/>
						<line number="352" hits="0" branch="false"/>
						<line number="353" hits="0" branch="true" condition-coverage="0% (0/2)">
							<conditions>
								<condition number="0" type="jump" coverage="0%"/>
							</conditions>
						</line>
						<line number="354" hits="0" branch="false"/>
						<line number="355" hits="0" branch="false"/>
						<line number="361" hits="0" branch="false"/>
						<line number="362" hits="0" branch="true" condition-coverage="0% (0/2)">
							<conditions>
								<condition number="0" type="jump" coverage="0%"/>
							</conditions>
						</line>
						<line number="363" hits="0" branch="false"/>
						<line number="365" hits="0" branch="false"/>
						<line number="370" hits="0" branch="false"/>
						<line number="371" hits="0" branch="true" condition-coverage="0% (0/2)">
							<conditions>
								<condition number="0" type="jump" coverage="0%"/>
							</conditions>
						</line>
						<line number="372" hits="0" branch="false"/>
						<line number="374" hits="0" branch="false"/>
						<line number="378" hits="0" branch="true" condition-coverage="0% (0/2)">
							<conditions>
								<condition number="0" type="jump" coverage="0%"/>
							</conditions>
						</line>
						<line number="379" hits="0" branch="false"/>
						<line number="381" hits="0" branch="true" condition-coverage="0% (0/2)">
							<conditions>
								<condition number="0" type="jump" coverage="0%"/>
							</conditions>
						</line>
						<line number="382" hits="0" branch="false"/>
						<line number="384" hits="0" branch="false"/>
						<line number="389" hits="0" branch="false"/>
						<line number="390" hits="0" branch="true" condition-coverage="0% (0/2)">
							<conditions>
								<condition number="0" type="jump" coverage="0%"/>
							</conditions>
						</line>
						<line number="391" hits="0" branch="false"/>
						<line number="393" hits="0" branch="false"/>
						<line number="398" hits="0" branch="false"/>
						<line number="399" hits="0" branch="true" condition-coverage="0% (0/2)">
							<conditions>
								<condition number="0" type="jump" coverage="0%"/>
							</conditions>
						</line>
						<line number="400" hits="0" branch="false"/>
						<line number="402" hits="0" branch="false"/>
						<line number="407" hits="0" branch="false"/>
						<line number="408" hits="0" branch="false"/>
						<line number="409" hits="0" branch="false"/>
						<line number="414" hits="0" branch="false"/>
						<line number="415" hits="0" branch="false"/>
						<line number="416" hits="0" branch="false"/>
						<line number="421" hits="0" branch="false"/>
						<line number="422" hits="0" branch="false"/>
						<line number="423" hits="0" branch="false"/>
						<line number="428" hits="0" branch="false"/>
						<line number="429" hits="0" branch="false"/>
						<line number="430" hits="0" branch="false"/>
						<line number="435" hits="0" branch="false"/>
						<line number="436" hits="0" branch="false"/>
						<line number="437" hits="0" branch="false"/>
						<line number="442" hits="0" branch="false"/>
						<line number="443" hits="0" branch="false"/>
						<line number="444" hits="0" branch="false"/>
						<line number="448" hits="0" branch="false"/>
						<line number="452" hits="0" branch="false"/>
						<line number="457" hits="0" branch="false"/>
						<line number="458" hits="0" branch="false"/>
						<line number="459" hits="0" branch="false"/>
						<line number="463" hits="0" branch="false"/>
						<line number="464" hits="0" branch="false"/>
						<line number="465" hits="0" branch="false"/>
						<line number="469" hits="6000" branch="false"/>
					</lines>
				</class>
			</classes>
		</package>
		<package name="com.tianshouzhi.dragon.ha.jdbc.datasource" line-rate="0.5045871559633027" branch-rate="0.265625" complexity="3.588235294117647">
			<classes>
				<class name="com.tianshouzhi.dragon.ha.jdbc.datasource.DragonHADatasource" filename="com/tianshouzhi/dragon/ha/jdbc/datasource/DragonHADatasource.java" line-rate="0.41379310344827586" branch-rate="0.16666666666666666" complexity="3.5">
					<methods>
						<method name="&lt;init&gt;" signature="(Ljava/util/List;)V" line-rate="1.0" branch-rate="1.0" complexity="0">
							<lines>
								<line number="21" hits="32" branch="false"/>
								<line number="22" hits="32" branch="false"/>
								<line number="23" hits="32" branch="false"/>
								<line number="24" hits="32" branch="false"/>
								<line number="25" hits="32" branch="false"/>
							</lines>
						</method>
						<method name="add" signature="([Lcom/tianshouzhi/dragon/ha/jdbc/datasource/dbselector/DatasourceWrapper;)V" line-rate="0.0" branch-rate="0.0" complexity="0">
							<lines>
								<line number="43" hits="0" branch="true" condition-coverage="0% (0/4)">
									<conditions>
										<condition number="0" type="jump" coverage="0%"/>
										<condition number="1" type="jump" coverage="0%"/>
									</conditions>
								</line>
								<line number="44" hits="0" branch="true" condition-coverage="0% (0/2)">
									<conditions>
										<condition number="0" type="jump" coverage="0%"/>
									</conditions>
								</line>
								<line number="45" hits="0" branch="false"/>
								<line number="47" hits="0" branch="false"/>
								<line number="48" hits="0" branch="false"/>
								<line number="51" hits="0" branch="false"/>
							</lines>
						</method>
						<method name="getConnection" signature="(Ljava/lang/String;Ljava/lang/String;)Lcom/tianshouzhi/dragon/ha/jdbc/connection/DragonHAConnection;" line-rate="1.0" branch-rate="1.0" complexity="0">
							<lines>
								<line number="38" hits="6038" branch="false"/>
								<line number="39" hits="6038" branch="false"/>
							</lines>
						</method>
						<method name="getConnection" signature="(Ljava/lang/String;Ljava/lang/String;)Ljava/sql/Connection;" line-rate="1.0" branch-rate="1.0" complexity="0">
							<lines>
								<line number="18" hits="6038" branch="false"/>
							</lines>
						</method>
						<method name="init" signature="()V" line-rate="0.8" branch-rate="0.6666666666666666" complexity="0">
							<lines>
								<line number="28" hits="6038" branch="true" condition-coverage="100% (2/2)">
									<conditions>
										<condition number="0" type="jump" coverage="100%"/>
									</conditions>
								</line>
								<line number="29" hits="32" branch="true" condition-coverage="50% (2/4)">
									<conditions>
										<condition number="0" type="jump" coverage="50%"/>
										<condition number="1" type="jump" coverage="50%"/>
									</conditions>
								</line>
								<line number="30" hits="0" branch="false"/>
								<line number="32" hits="32" branch="false"/>
								<line number="34" hits="6038" branch="false"/>
							</lines>
						</method>
						<method name="remove" signature="([Ljava/lang/String;)V" line-rate="0.0" branch-rate="0.0" complexity="0">
							<lines>
								<line number="54" hits="0" branch="true" condition-coverage="0% (0/4)">
									<conditions>
										<condition number="0" type="jump" coverage="0%"/>
										<condition number="1" type="jump" coverage="0%"/>
									</conditions>
								</line>
								<line number="55" hits="0" branch="false"/>
								<line number="56" hits="0" branch="true" condition-coverage="0% (0/2)">
									<conditions>
										<condition number="0" type="jump" coverage="0%"/>
									</conditions>
								</line>
								<line number="57" hits="0" branch="false"/>
								<line number="59" hits="0" branch="true" condition-coverage="0% (0/4)">
									<conditions>
										<condition number="0" type="jump" coverage="0%"/>
										<condition number="1" type="jump" coverage="0%"/>
									</conditions>
								</line>
								<line number="60" hits="0" branch="false"/>
								<line number="61" hits="0" branch="false"/>
								<line number="63" hits="0" branch="false"/>
							</lines>
						</method>
						<method name="update" signature="([Lcom/tianshouzhi/dragon/ha/jdbc/datasource/dbselector/DatasourceWrapper;)V" line-rate="0.0" branch-rate="0.0" complexity="0">
							<lines>
								<line number="66" hits="0" branch="true" condition-coverage="0% (0/2)">
									<conditions>
										<condition number="0" type="jump" coverage="0%"/>
									</conditions>
								</line>
								<line number="69" hits="0" branch="false"/>
							</lines>
						</method>
					</methods>
					<lines>
						<line number="18" hits="6038" branch="false"/>
						<line number="21" hits="32" branch="false"/>
						<line number="22" hits="32" branch="false"/>
						<line number="23" hits="32" branch="false"/>
						<line number="24" hits="32" branch="false"/>
						<line number="25" hits="32" branch="false"/>
						<line number="28" hits="6038" branch="true" condition-coverage="100% (2/2)">
							<conditions>
								<condition number="0" type="jump" coverage="100%"/>
							</conditions>
						</line>
						<line number="29" hits="32" branch="true" condition-coverage="50% (2/4)">
							<conditions>
								<condition number="0" type="jump" coverage="50%"/>
								<condition number="1" type="jump" coverage="50%"/>
							</conditions>
						</line>
						<line number="30" hits="0" branch="false"/>
						<line number="32" hits="32" branch="false"/>
						<line number="34" hits="6038" branch="false"/>
						<line number="38" hits="6038" branch="false"/>
						<line number="39" hits="6038" branch="false"/>
						<line number="43" hits="0" branch="true" condition-coverage="0% (0/4)">
							<conditions>
								<condition number="0" type="jump" coverage="0%"/>
								<condition number="1" type="jump" coverage="0%"/>
							</conditions>
						</line>
						<line number="44" hits="0" branch="true" condition-coverage="0% (0/2)">
							<conditions>
								<condition number="0" type="jump" coverage="0%"/>
							</conditions>
						</line>
						<line number="45" hits="0" branch="false"/>
						<line number="47" hits="0" branch="false"/>
						<line number="48" hits="0" branch="false"/>
						<line number="51" hits="0" branch="false"/>
						<line number="54" hits="0" branch="true" condition-coverage="0% (0/4)">
							<conditions>
								<condition number="0" type="jump" coverage="0%"/>
								<condition number="1" type="jump" coverage="0%"/>
							</conditions>
						</line>
						<line number="55" hits="0" branch="false"/>
						<line number="56" hits="0" branch="true" condition-coverage="0% (0/2)">
							<conditions>
								<condition number="0" type="jump" coverage="0%"/>
							</conditions>
						</line>
						<line number="57" hits="0" branch="false"/>
						<line number="59" hits="0" branch="true" condition-coverage="0% (0/4)">
							<conditions>
								<condition number="0" type="jump" coverage="0%"/>
								<condition number="1" type="jump" coverage="0%"/>
							</conditions>
						</line>
						<line number="60" hits="0" branch="false"/>
						<line number="61" hits="0" branch="false"/>
						<line number="63" hits="0" branch="false"/>
						<line number="66" hits="0" branch="true" condition-coverage="0% (0/2)">
							<conditions>
								<condition number="0" type="jump" coverage="0%"/>
							</conditions>
						</line>
						<line number="69" hits="0" branch="false"/>
					</lines>
				</class>
				<class name="com.tianshouzhi.dragon.ha.jdbc.datasource.HADataSourceManager" filename="com/tianshouzhi/dragon/ha/jdbc/datasource/HADataSourceManager.java" line-rate="0.6212121212121212" branch-rate="0.34210526315789475" complexity="3.6363636363636362">
					<methods>
						<method name="&lt;clinit&gt;" signature="()V" line-rate="1.0" branch-rate="1.0" complexity="0">
							<lines>
								<line number="25" hits="2" branch="false"/>
							</lines>
						</method>
						<method name="&lt;init&gt;" signature="(Ljava/util/List;)V" line-rate="1.0" branch-rate="1.0" complexity="0">
							<lines>
								<line number="26" hits="32" branch="false"/>
								<line number="27" hits="32" branch="false"/>
								<line number="30" hits="32" branch="false"/>
								<line number="31" hits="32" branch="false"/>
								<line number="32" hits="32" branch="false"/>
								<line number="33" hits="32" branch="false"/>
								<line number="34" hits="32" branch="false"/>
							</lines>
						</method>
						<method name="access$000" signature="(Lcom/tianshouzhi/dragon/ha/jdbc/datasource/HADataSourceManager;)Ljava/util/concurrent/BlockingQueue;" line-rate="1.0" branch-rate="1.0" complexity="0">
							<lines>
							</lines>
						</method>
						<method name="access$100" signature="()Lorg/slf4j/Logger;" line-rate="1.0" branch-rate="1.0" complexity="0">
							<lines>
							</lines>
						</method>
						<method name="access$200" signature="(Lcom/tianshouzhi/dragon/ha/jdbc/datasource/HADataSourceManager;)Ljava/util/Map;" line-rate="1.0" branch-rate="1.0" complexity="0">
							<lines>
								<line number="24" hits="32" branch="false"/>
							</lines>
						</method>
						<method name="getConnectionByDbIndex" signature="(Lcom/tianshouzhi/dragon/common/jdbc/datasource/DataSourceIndex;Ljava/lang/String;Ljava/lang/String;)Ljava/sql/Connection;" line-rate="0.8333333333333334" branch-rate="0.5833333333333334" complexity="0">
							<lines>
								<line number="68" hits="6038" branch="true" condition-coverage="50% (1/2)">
									<conditions>
										<condition number="0" type="jump" coverage="50%"/>
									</conditions>
								</line>
								<line number="69" hits="6038" branch="false"/>
								<line number="70" hits="6038" branch="true" condition-coverage="50% (1/2)">
									<conditions>
										<condition number="0" type="jump" coverage="50%"/>
									</conditions>
								</line>
								<line number="71" hits="0" branch="false"/>
								<line number="73" hits="6038" branch="false"/>
								<line number="74" hits="6038" branch="false"/>
								<line number="76" hits="6038" branch="true" condition-coverage="50% (1/2)">
									<conditions>
										<condition number="0" type="jump" coverage="50%"/>
									</conditions>
								</line>
								<line number="77" hits="6038" branch="false"/>
								<line number="79" hits="0" branch="false"/>
								<line number="80" hits="6038" branch="true" condition-coverage="66% (4/6)">
									<conditions>
										<condition number="0" type="jump" coverage="50%"/>
										<condition number="1" type="jump" coverage="100%"/>
										<condition number="2" type="jump" coverage="50%"/>
									</conditions>
								</line>
								<line number="81" hits="6008" branch="false"/>
								<line number="83" hits="6038" branch="false"/>
							</lines>
						</method>
						<method name="getConnectionByDbIndex" signature="(Ljava/util/List;Ljava/lang/String;Ljava/lang/String;)Ljava/sql/Connection;" line-rate="0.0" branch-rate="0.0" complexity="0">
							<lines>
								<line number="87" hits="0" branch="true" condition-coverage="0% (0/2)">
									<conditions>
										<condition number="0" type="jump" coverage="0%"/>
									</conditions>
								</line>
								<line number="88" hits="0" branch="true" condition-coverage="0% (0/4)">
									<conditions>
										<condition number="0" type="jump" coverage="0%"/>
										<condition number="1" type="jump" coverage="0%"/>
									</conditions>
								</line>
								<line number="89" hits="0" branch="false"/>
								<line number="91" hits="0" branch="true" condition-coverage="0% (0/2)">
									<conditions>
										<condition number="0" type="jump" coverage="0%"/>
									</conditions>
								</line>
								<line number="92" hits="0" branch="false"/>
								<line number="94" hits="0" branch="false"/>
								<line number="95" hits="0" branch="false"/>
							</lines>
						</method>
						<method name="getDatasourceWrapperByDbIndex" signature="(Lcom/tianshouzhi/dragon/common/jdbc/datasource/DataSourceIndex;)Lcom/tianshouzhi/dragon/ha/jdbc/datasource/dbselector/DatasourceWrapper;" line-rate="0.0" branch-rate="0.0" complexity="0">
							<lines>
								<line number="64" hits="0" branch="true" condition-coverage="0% (0/2)">
									<conditions>
										<condition number="0" type="jump" coverage="0%"/>
									</conditions>
								</line>
								<line number="65" hits="0" branch="false"/>
							</lines>
						</method>
						<method name="invalid" signature="(Lcom/tianshouzhi/dragon/common/jdbc/datasource/DataSourceIndex;)V" line-rate="0.0" branch-rate="0.0" complexity="0">
							<lines>
								<line number="126" hits="0" branch="true" condition-coverage="0% (0/2)">
									<conditions>
										<condition number="0" type="jump" coverage="0%"/>
									</conditions>
								</line>
								<line number="127" hits="0" branch="true" condition-coverage="0% (0/2)">
									<conditions>
										<condition number="0" type="jump" coverage="0%"/>
									</conditions>
								</line>
								<line number="128" hits="0" branch="false"/>
								<line number="129" hits="0" branch="false"/>
								<line number="130" hits="0" branch="false"/>
								<line number="131" hits="0" branch="false"/>
								<line number="132" hits="0" branch="false"/>
								<line number="134" hits="0" branch="false"/>
							</lines>
						</method>
						<method name="rebuild" signature="(Ljava/util/List;)V" line-rate="0.9333333333333333" branch-rate="0.6666666666666666" complexity="0">
							<lines>
								<line number="37" hits="32" branch="true" condition-coverage="50% (1/2)">
									<conditions>
										<condition number="0" type="jump" coverage="50%"/>
									</conditions>
								</line>
								<line number="38" hits="32" branch="false"/>
								<line number="39" hits="32" branch="false"/>
								<line number="40" hits="32" branch="false"/>
								<line number="41" hits="32" branch="true" condition-coverage="100% (2/2)">
									<conditions>
										<condition number="0" type="jump" coverage="100%"/>
									</conditions>
								</line>
								<line number="42" hits="96" branch="false"/>
								<line number="43" hits="96" branch="true" condition-coverage="50% (1/2)">
									<conditions>
										<condition number="0" type="jump" coverage="50%"/>
									</conditions>
								</line>
								<line number="44" hits="0" branch="false"/>
								<line number="46" hits="96" branch="false"/>
								<line number="47" hits="96" branch="false"/>
								<line number="48" hits="32" branch="false"/>
								<line number="49" hits="32" branch="false"/>
								<line number="50" hits="32" branch="false"/>
								<line number="51" hits="32" branch="false"/>
								<line number="53" hits="32" branch="false"/>
							</lines>
						</method>
						<method name="runInvalidRecoveryThread" signature="()V" line-rate="1.0" branch-rate="1.0" complexity="0">
							<lines>
								<line number="98" hits="32" branch="false"/>
								<line number="122" hits="32" branch="false"/>
								<line number="123" hits="32" branch="false"/>
								<line number="124" hits="32" branch="false"/>
							</lines>
						</method>
						<method name="selectReadDBIndex" signature="()Lcom/tianshouzhi/dragon/common/jdbc/datasource/DataSourceIndex;" line-rate="1.0" branch-rate="0.5" complexity="0">
							<lines>
								<line number="59" hits="6006" branch="true" condition-coverage="50% (1/2)">
									<conditions>
										<condition number="0" type="jump" coverage="50%"/>
									</conditions>
								</line>
								<line number="60" hits="6006" branch="false"/>
							</lines>
						</method>
						<method name="selectReadDBIndexExclude" signature="(Ljava/util/Set;)Lcom/tianshouzhi/dragon/common/jdbc/datasource/DataSourceIndex;" line-rate="0.0" branch-rate="0.0" complexity="0">
							<lines>
								<line number="137" hits="0" branch="false"/>
								<line number="138" hits="0" branch="false"/>
								<line number="139" hits="0" branch="true" condition-coverage="0% (0/2)">
									<conditions>
										<condition number="0" type="jump" coverage="0%"/>
									</conditions>
								</line>
								<line number="140" hits="0" branch="false"/>
								<line number="142" hits="0" branch="false"/>
							</lines>
						</method>
						<method name="selectWriteDBIndex" signature="()Lcom/tianshouzhi/dragon/common/jdbc/datasource/DataSourceIndex;" line-rate="1.0" branch-rate="0.5" complexity="0">
							<lines>
								<line number="55" hits="18" branch="true" condition-coverage="50% (1/2)">
									<conditions>
										<condition number="0" type="jump" coverage="50%"/>
									</conditions>
								</line>
								<line number="56" hits="18" branch="false"/>
							</lines>
						</method>
					</methods>
					<lines>
						<line number="24" hits="32" branch="false"/>
						<line number="25" hits="2" branch="false"/>
						<line number="26" hits="32" branch="false"/>
						<line number="27" hits="32" branch="false"/>
						<line number="30" hits="32" branch="false"/>
						<line number="31" hits="32" branch="false"/>
						<line number="32" hits="32" branch="false"/>
						<line number="33" hits="32" branch="false"/>
						<line number="34" hits="32" branch="false"/>
						<line number="37" hits="32" branch="true" condition-coverage="50% (1/2)">
							<conditions>
								<condition number="0" type="jump" coverage="50%"/>
							</conditions>
						</line>
						<line number="38" hits="32" branch="false"/>
						<line number="39" hits="32" branch="false"/>
						<line number="40" hits="32" branch="false"/>
						<line number="41" hits="32" branch="true" condition-coverage="100% (2/2)">
							<conditions>
								<condition number="0" type="jump" coverage="100%"/>
							</conditions>
						</line>
						<line number="42" hits="96" branch="false"/>
						<line number="43" hits="96" branch="true" condition-coverage="50% (1/2)">
							<conditions>
								<condition number="0" type="jump" coverage="50%"/>
							</conditions>
						</line>
						<line number="44" hits="0" branch="false"/>
						<line number="46" hits="96" branch="false"/>
						<line number="47" hits="96" branch="false"/>
						<line number="48" hits="32" branch="false"/>
						<line number="49" hits="32" branch="false"/>
						<line number="50" hits="32" branch="false"/>
						<line number="51" hits="32" branch="false"/>
						<line number="53" hits="32" branch="false"/>
						<line number="55" hits="18" branch="true" condition-coverage="50% (1/2)">
							<conditions>
								<condition number="0" type="jump" coverage="50%"/>
							</conditions>
						</line>
						<line number="56" hits="18" branch="false"/>
						<line number="59" hits="6006" branch="true" condition-coverage="50% (1/2)">
							<conditions>
								<condition number="0" type="jump" coverage="50%"/>
							</conditions>
						</line>
						<line number="60" hits="6006" branch="false"/>
						<line number="64" hits="0" branch="true" condition-coverage="0% (0/2)">
							<conditions>
								<condition number="0" type="jump" coverage="0%"/>
							</conditions>
						</line>
						<line number="65" hits="0" branch="false"/>
						<line number="68" hits="6038" branch="true" condition-coverage="50% (1/2)">
							<conditions>
								<condition number="0" type="jump" coverage="50%"/>
							</conditions>
						</line>
						<line number="69" hits="6038" branch="false"/>
						<line number="70" hits="6038" branch="true" condition-coverage="50% (1/2)">
							<conditions>
								<condition number="0" type="jump" coverage="50%"/>
							</conditions>
						</line>
						<line number="71" hits="0" branch="false"/>
						<line number="73" hits="6038" branch="false"/>
						<line number="74" hits="6038" branch="false"/>
						<line number="76" hits="6038" branch="true" condition-coverage="50% (1/2)">
							<conditions>
								<condition number="0" type="jump" coverage="50%"/>
							</conditions>
						</line>
						<line number="77" hits="6038" branch="false"/>
						<line number="79" hits="0" branch="false"/>
						<line number="80" hits="6038" branch="true" condition-coverage="66% (4/6)">
							<conditions>
								<condition number="0" type="jump" coverage="50%"/>
								<condition number="1" type="jump" coverage="100%"/>
								<condition number="2" type="jump" coverage="50%"/>
							</conditions>
						</line>
						<line number="81" hits="6008" branch="false"/>
						<line number="83" hits="6038" branch="false"/>
						<line number="87" hits="0" branch="true" condition-coverage="0% (0/2)">
							<conditions>
								<condition number="0" type="jump" coverage="0%"/>
							</conditions>
						</line>
						<line number="88" hits="0" branch="true" condition-coverage="0% (0/4)">
							<conditions>
								<condition number="0" type="jump" coverage="0%"/>
								<condition number="1" type="jump" coverage="0%"/>
							</conditions>
						</line>
						<line number="89" hits="0" branch="false"/>
						<line number="91" hits="0" branch="true" condition-coverage="0% (0/2)">
							<conditions>
								<condition number="0" type="jump" coverage="0%"/>
							</conditions>
						</line>
						<line number="92" hits="0" branch="false"/>
						<line number="94" hits="0" branch="false"/>
						<line number="95" hits="0" branch="false"/>
						<line number="98" hits="32" branch="false"/>
						<line number="122" hits="32" branch="false"/>
						<line number="123" hits="32" branch="false"/>
						<line number="124" hits="32" branch="false"/>
						<line number="126" hits="0" branch="true" condition-coverage="0% (0/2)">
							<conditions>
								<condition number="0" type="jump" coverage="0%"/>
							</conditions>
						</line>
						<line number="127" hits="0" branch="true" condition-coverage="0% (0/2)">
							<conditions>
								<condition number="0" type="jump" coverage="0%"/>
							</conditions>
						</line>
						<line number="128" hits="0" branch="false"/>
						<line number="129" hits="0" branch="false"/>
						<line number="130" hits="0" branch="false"/>
						<line number="131" hits="0" branch="false"/>
						<line number="132" hits="0" branch="false"/>
						<line number="134" hits="0" branch="false"/>
						<line number="137" hits="0" branch="false"/>
						<line number="138" hits="0" branch="false"/>
						<line number="139" hits="0" branch="true" condition-coverage="0% (0/2)">
							<conditions>
								<condition number="0" type="jump" coverage="0%"/>
							</conditions>
						</line>
						<line number="140" hits="0" branch="false"/>
						<line number="142" hits="0" branch="false"/>
					</lines>
				</class>
				<class name="com.tianshouzhi.dragon.ha.jdbc.datasource.HADataSourceManager$1" filename="com/tianshouzhi/dragon/ha/jdbc/datasource/HADataSourceManager.java" line-rate="0.14285714285714285" branch-rate="0.0" complexity="3.6363636363636362">
					<methods>
						<method name="&lt;init&gt;" signature="(Lcom/tianshouzhi/dragon/ha/jdbc/datasource/HADataSourceManager;Ljava/lang/String;)V" line-rate="1.0" branch-rate="1.0" complexity="0">
							<lines>
								<line number="98" hits="32" branch="false"/>
							</lines>
						</method>
						<method name="run" signature="()V" line-rate="0.07692307692307693" branch-rate="0.0" complexity="0">
							<lines>
								<line number="102" hits="32" branch="false"/>
								<line number="104" hits="0" branch="false"/>
								<line number="106" hits="0" branch="false"/>
								<line number="107" hits="0" branch="true" condition-coverage="0% (0/2)">
									<conditions>
										<condition number="0" type="jump" coverage="0%"/>
									</conditions>
								</line>
								<line number="108" hits="0" branch="false"/>
								<line number="109" hits="0" branch="false"/>
								<line number="110" hits="0" branch="false"/>
								<line number="112" hits="0" branch="false"/>
								<line number="114" hits="0" branch="false"/>
								<line number="115" hits="0" branch="false"/>
								<line number="116" hits="0" branch="false"/>
								<line number="117" hits="0" branch="false"/>
								<line number="118" hits="0" branch="false"/>
							</lines>
						</method>
					</methods>
					<lines>
						<line number="98" hits="32" branch="false"/>
						<line number="102" hits="32" branch="false"/>
						<line number="104" hits="0" branch="false"/>
						<line number="106" hits="0" branch="false"/>
						<line number="107" hits="0" branch="true" condition-coverage="0% (0/2)">
							<conditions>
								<condition number="0" type="jump" coverage="0%"/>
							</conditions>
						</line>
						<line number="108" hits="0" branch="false"/>
						<line number="109" hits="0" branch="false"/>
						<line number="110" hits="0" branch="false"/>
						<line number="112" hits="0" branch="false"/>
						<line number="114" hits="0" branch="false"/>
						<line number="115" hits="0" branch="false"/>
						<line number="116" hits="0" branch="false"/>
						<line number="117" hits="0" branch="false"/>
						<line number="118" hits="0" branch="false"/>
					</lines>
				</class>
			</classes>
		</package>
		<package name="com.tianshouzhi.dragon.ha.jdbc.datasource.dbselector" line-rate="0.8518518518518519" branch-rate="0.5967741935483871" complexity="2.064516129032258">
			<classes>
				<class name="com.tianshouzhi.dragon.ha.jdbc.datasource.dbselector.AbstractDBSelector" filename="com/tianshouzhi/dragon/ha/jdbc/datasource/dbselector/AbstractDBSelector.java" line-rate="0.9523809523809523" branch-rate="0.8333333333333334" complexity="2.7777777777777777">
					<methods>
						<method name="&lt;clinit&gt;" signature="()V" line-rate="1.0" branch-rate="1.0" complexity="0">
							<lines>
								<line number="16" hits="2" branch="false"/>
							</lines>
						</method>
						<method name="&lt;init&gt;" signature="(Ljava/util/List;)V" line-rate="0.9166666666666666" branch-rate="0.5" complexity="0">
							<lines>
								<line number="18" hits="64" branch="false"/>
								<line number="19" hits="64" branch="false"/>
								<line number="21" hits="64" branch="false"/>
								<line number="22" hits="64" branch="false"/>
								<line number="24" hits="64" branch="true" condition-coverage="50% (2/4)">
									<conditions>
										<condition number="0" type="jump" coverage="50%"/>
										<condition number="1" type="jump" coverage="50%"/>
									</conditions>
								</line>
								<line number="25" hits="0" branch="false"/>
								<line number="27" hits="64" branch="false"/>
								<line number="28" hits="64" branch="false"/>
								<line number="30" hits="64" branch="true" condition-coverage="50% (1/2)">
									<conditions>
										<condition number="0" type="jump" coverage="50%"/>
									</conditions>
								</line>
								<line number="31" hits="64" branch="false"/>
								<line number="32" hits="64" branch="false"/>
								<line number="34" hits="64" branch="false"/>
							</lines>
						</method>
						<method name="buildLog" signature="(Ljava/util/Map;Ljava/util/List;)Ljava/lang/String;" line-rate="1.0" branch-rate="0.875" complexity="0">
							<lines>
								<line number="37" hits="64" branch="false"/>
								<line number="38" hits="64" branch="false"/>
								<line number="39" hits="64" branch="false"/>
								<line number="40" hits="64" branch="false"/>
								<line number="41" hits="64" branch="true" condition-coverage="100% (2/2)">
									<conditions>
										<condition number="0" type="jump" coverage="100%"/>
									</conditions>
								</line>
								<line number="42" hits="96" branch="false"/>
								<line number="43" hits="96" branch="false"/>
								<line number="44" hits="96" branch="false"/>
								<line number="45" hits="96" branch="false"/>
								<line number="46" hits="96" branch="false"/>
								<line number="47" hits="96" branch="true" condition-coverage="50% (1/2)">
									<conditions>
										<condition number="0" type="jump" coverage="50%"/>
									</conditions>
								</line>
								<line number="48" hits="128" branch="false"/>
								<line number="49" hits="128" branch="true" condition-coverage="100% (2/2)">
									<conditions>
										<condition number="0" type="jump" coverage="100%"/>
									</conditions>
								</line>
								<line number="50" hits="96" branch="false"/>
								<line number="51" hits="96" branch="false"/>
								<line number="53" hits="32" branch="false"/>
								<line number="54" hits="96" branch="false"/>
								<line number="55" hits="96" branch="true" condition-coverage="100% (2/2)">
									<conditions>
										<condition number="0" type="jump" coverage="100%"/>
									</conditions>
								</line>
								<line number="61" hits="96" branch="false"/>
								<line number="62" hits="96" branch="false"/>
								<line number="63" hits="64" branch="false"/>
								<line number="64" hits="64" branch="false"/>
							</lines>
						</method>
						<method name="caculateTotalWeight" signature="(Ljava/util/List;)I" line-rate="1.0" branch-rate="1.0" complexity="0">
							<lines>
								<line number="95" hits="64" branch="false"/>
								<line number="96" hits="64" branch="true" condition-coverage="100% (2/2)">
									<conditions>
										<condition number="0" type="jump" coverage="100%"/>
									</conditions>
								</line>
								<line number="97" hits="96" branch="false"/>
								<line number="99" hits="64" branch="false"/>
							</lines>
						</method>
						<method name="fillRangeIndexMap" signature="(Ljava/util/List;)V" line-rate="1.0" branch-rate="1.0" complexity="0">
							<lines>
								<line number="69" hits="64" branch="false"/>
								<line number="70" hits="64" branch="true" condition-coverage="100% (2/2)">
									<conditions>
										<condition number="0" type="jump" coverage="100%"/>
									</conditions>
								</line>
								<line number="71" hits="96" branch="false"/>
								<line number="72" hits="96" branch="false"/>
								<line number="73" hits="96" branch="false"/>
								<line number="74" hits="96" branch="false"/>
								<line number="75" hits="96" branch="false"/>
								<line number="76" hits="96" branch="false"/>
								<line number="77" hits="64" branch="false"/>
							</lines>
						</method>
						<method name="filter" signature="(Ljava/util/List;)Ljava/util/List;" line-rate="0.8571428571428571" branch-rate="0.8333333333333334" complexity="0">
							<lines>
								<line number="80" hits="64" branch="true" condition-coverage="50% (1/2)">
									<conditions>
										<condition number="0" type="jump" coverage="50%"/>
									</conditions>
								</line>
								<line number="81" hits="0" branch="false"/>
								<line number="83" hits="64" branch="false"/>
								<line number="84" hits="64" branch="true" condition-coverage="100% (2/2)">
									<conditions>
										<condition number="0" type="jump" coverage="100%"/>
									</conditions>
								</line>
								<line number="85" hits="192" branch="true" condition-coverage="100% (2/2)">
									<conditions>
										<condition number="0" type="jump" coverage="100%"/>
									</conditions>
								</line>
[...]
							<conditions>
								<condition number="0" type="jump" coverage="50%"/>
							</conditions>
						</line>
						<line number="53" hits="6056" branch="false"/>
						<line number="55" hits="6056" branch="true" condition-coverage="100% (2/2)">
							<conditions>
								<condition number="0" type="jump" coverage="100%"/>
							</conditions>
						</line>
						<line number="56" hits="6052" branch="false"/>
						<line number="58" hits="4" branch="false"/>
						<line number="60" hits="6056" branch="false"/>
						<line number="61" hits="6056" branch="false"/>
						<line number="62" hits="6056" branch="false"/>
						<line number="63" hits="6056" branch="false"/>
						<line number="64" hits="0" branch="false"/>
						<line number="66" hits="0" branch="false"/>
						<line number="67" hits="0" branch="false"/>
						<line number="68" hits="0" branch="true" condition-coverage="0% (0/2)">
							<conditions>
								<condition number="0" type="jump" coverage="0%"/>
							</conditions>
						</line>
						<line number="69" hits="0" branch="false"/>
						<line number="70" hits="0" branch="false"/>
						<line number="71" hits="0" branch="false"/>
						<line number="74" hits="0" branch="true" condition-coverage="0% (0/2)">
							<conditions>
								<condition number="0" type="jump" coverage="0%"/>
							</conditions>
						</line>
						<line number="75" hits="0" branch="false"/>
						<line number="76" hits="0" branch="true" condition-coverage="0% (0/2)">
							<conditions>
								<condition number="0" type="jump" coverage="0%"/>
							</conditions>
						</line>
						<line number="77" hits="0" branch="false"/>
						<line number="79" hits="0" branch="true" condition-coverage="0% (0/2)">
							<conditions>
								<condition number="0" type="jump" coverage="0%"/>
							</conditions>
						</line>
						<line number="80" hits="0" branch="false"/>
						<line number="82" hits="0" branch="false"/>
						<line number="84" hits="0" branch="false"/>
						<line number="85" hits="0" branch="true" condition-coverage="0% (0/2)">
							<conditions>
								<condition number="0" type="jump" coverage="0%"/>
							</conditions>
						</line>
						<line number="86" hits="0" branch="false"/>
						<line number="87" hits="0" branch="false"/>
						<line number="89" hits="0" branch="false"/>
						<line number="90" hits="0" branch="false"/>
						<line number="91" hits="0" branch="false"/>
						<line number="96" hits="0" branch="false"/>
						<line number="99" hits="14" branch="true" condition-coverage="50% (2/4)">
							<conditions>
								<condition number="0" type="switch" coverage="50%"/>
							</conditions>
						</line>
						<line number="101" hits="14" branch="false"/>
						<line number="102" hits="14" branch="false"/>
						<line number="104" hits="0" branch="false"/>
						<line number="105" hits="0" branch="false"/>
						<line number="107" hits="0" branch="false"/>
						<line number="110" hits="14" branch="false"/>
						<line number="111" hits="14" branch="false"/>
						<line number="113" hits="6056" branch="false"/>
						<line number="114" hits="6056" branch="false"/>
						<line number="115" hits="6056" branch="false"/>
						<line number="116" hits="6056" branch="false"/>
						<line number="117" hits="6056" branch="false"/>
						<line number="118" hits="6056" branch="false"/>
						<line number="119" hits="6056" branch="false"/>
						<line number="121" hits="6056" branch="true" condition-coverage="75% (3/4)">
							<conditions>
								<condition number="0" type="jump" coverage="100%"/>
								<condition number="1" type="jump" coverage="50%"/>
							</conditions>
						</line>
						<line number="122" hits="4" branch="false"/>
						<line number="124" hits="6056" branch="false"/>
						<line number="127" hits="2" branch="true" condition-coverage="100% (2/2)">
							<conditions>
								<condition number="0" type="jump" coverage="100%"/>
							</conditions>
						</line>
						<line number="128" hits="4" branch="true" condition-coverage="50% (1/2)">
							<conditions>
								<condition number="0" type="jump" coverage="50%"/>
							</conditions>
						</line>
						<line number="129" hits="4" branch="false"/>
						<line number="132" hits="2" branch="false"/>
						<line number="141" hits="6042" branch="false"/>
						<line number="150" hits="0" branch="true" condition-coverage="0% (0/6)">
							<conditions>
								<condition number="0" type="jump" coverage="0%"/>
								<condition number="1" type="jump" coverage="0%"/>
								<condition number="2" type="jump" coverage="0%"/>
							</conditions>
						</line>
						<line number="156" hits="12096" branch="true" condition-coverage="100% (2/2)">
							<conditions>
								<condition number="0" type="jump" coverage="100%"/>
							</conditions>
						</line>
						<line number="157" hits="12054" branch="false"/>
						<line number="159" hits="42" branch="false"/>
						<line number="160" hits="42" branch="true" condition-coverage="100% (2/2)">
							<conditions>
								<condition number="0" type="jump" coverage="100%"/>
							</conditions>
						</line>
						<line number="161" hits="2" branch="false"/>
						<line number="164" hits="12096" branch="false"/>
						<line number="167" hits="16" branch="false"/>
						<line number="168" hits="16" branch="true" condition-coverage="63% (7/11)">
							<conditions>
								<condition number="0" type="switch" coverage="63%"/>
							</conditions>
						</line>
						<line number="170" hits="6" branch="false"/>
						<line number="171" hits="6" branch="false"/>
						<line number="172" hits="6" branch="false"/>
						<line number="174" hits="4" branch="false"/>
						<line number="175" hits="4" branch="false"/>
						<line number="177" hits="0" branch="false"/>
						<line number="178" hits="0" branch="false"/>
						<line number="180" hits="0" branch="false"/>
						<line number="181" hits="0" branch="false"/>
						<line number="183" hits="0" branch="false"/>
						<line number="184" hits="0" branch="false"/>
						<line number="186" hits="0" branch="false"/>
						<line number="187" hits="0" branch="false"/>
						<line number="189" hits="2" branch="false"/>
						<line number="190" hits="2" branch="false"/>
						<line number="192" hits="0" branch="false"/>
						<line number="193" hits="0" branch="false"/>
						<line number="195" hits="0" branch="false"/>
						<line number="196" hits="0" branch="false"/>
						<line number="198" hits="4" branch="false"/>
						<line number="199" hits="4" branch="false"/>
						<line number="201" hits="0" branch="false"/>
						<line number="203" hits="16" branch="false"/>
						<line number="209" hits="0" branch="false"/>
						<line number="210" hits="0" branch="false"/>
						<line number="211" hits="0" branch="true" condition-coverage="0% (0/2)">
							<conditions>
								<condition number="0" type="jump" coverage="0%"/>
							</conditions>
						</line>
						<line number="212" hits="0" branch="false"/>
						<line number="214" hits="0" branch="false"/>
						<line number="218" hits="0" branch="false"/>
						<line number="219" hits="0" branch="false"/>
						<line number="228" hits="6002" branch="true" condition-coverage="50% (1/2)">
							<conditions>
								<condition number="0" type="jump" coverage="50%"/>
							</conditions>
						</line>
						<line number="229" hits="6002" branch="false"/>
						<line number="230" hits="6002" branch="false"/>
						<line number="232" hits="6002" branch="true" condition-coverage="50% (1/2)">
							<conditions>
								<condition number="0" type="jump" coverage="50%"/>
							</conditions>
						</line>
						<line number="233" hits="0" branch="false"/>
						<line number="234" hits="0" branch="false"/>
						<line number="236" hits="6002" branch="true" condition-coverage="50% (1/2)">
							<conditions>
								<condition number="0" type="jump" coverage="50%"/>
							</conditions>
						</line>
						<line number="237" hits="6002" branch="false"/>
						<line number="238" hits="6002" branch="false"/>
						<line number="240" hits="6002" branch="false"/>
						<line number="241" hits="6002" branch="false"/>
						<line number="251" hits="0" branch="false"/>
						<line number="252" hits="0" branch="false"/>
						<line number="256" hits="0" branch="false"/>
						<line number="257" hits="0" branch="false"/>
						<line number="262" hits="0" branch="false"/>
						<line number="263" hits="0" branch="true" condition-coverage="0% (0/2)">
							<conditions>
								<condition number="0" type="jump" coverage="0%"/>
							</conditions>
						</line>
						<line number="264" hits="0" branch="false"/>
						<line number="266" hits="0" branch="false"/>
						<line number="270" hits="0" branch="false"/>
						<line number="271" hits="0" branch="true" condition-coverage="0% (0/2)">
							<conditions>
								<condition number="0" type="jump" coverage="0%"/>
							</conditions>
						</line>
						<line number="272" hits="0" branch="false"/>
						<line number="274" hits="0" branch="false"/>
						<line number="279" hits="0" branch="false"/>
						<line number="280" hits="0" branch="true" condition-coverage="0% (0/2)">
							<conditions>
								<condition number="0" type="jump" coverage="0%"/>
							</conditions>
						</line>
						<line number="281" hits="0" branch="false"/>
						<line number="283" hits="0" branch="false"/>
						<line number="287" hits="0" branch="false"/>
						<line number="288" hits="0" branch="true" condition-coverage="0% (0/2)">
							<conditions>
								<condition number="0" type="jump" coverage="0%"/>
							</conditions>
						</line>
						<line number="289" hits="0" branch="false"/>
						<line number="291" hits="0" branch="false"/>
					</lines>
				</class>
				<class name="com.tianshouzhi.dragon.ha.jdbc.statement.DragonHAStatement$1" filename="com/tianshouzhi/dragon/ha/jdbc/statement/DragonHAStatement.java" line-rate="1.0" branch-rate="1.0" complexity="3.25">
					<methods>
						<method name="&lt;clinit&gt;" signature="()V" line-rate="1.0" branch-rate="1.0" complexity="0">
							<lines>
								<line number="99" hits="2" branch="false"/>
								<line number="168" hits="2" branch="false"/>
							</lines>
						</method>
					</methods>
					<lines>
						<line number="99" hits="2" branch="false"/>
						<line number="168" hits="2" branch="false"/>
					</lines>
				</class>
			</classes>
		</package>
		<package name="com.tianshouzhi.dragon.ha.sqltype" line-rate="0.9375" branch-rate="0.8461538461538461" complexity="7.25">
			<classes>
				<class name="com.tianshouzhi.dragon.ha.sqltype.SqlType" filename="com/tianshouzhi/dragon/ha/sqltype/SqlType.java" line-rate="1.0" branch-rate="1.0" complexity="1.0">
					<methods>
						<method name="&lt;clinit&gt;" signature="()V" line-rate="1.0" branch-rate="1.0" complexity="0">
							<lines>
								<line number="8" hits="6030" branch="false"/>
								<line number="10" hits="2" branch="false"/>
								<line number="11" hits="2" branch="false"/>
								<line number="12" hits="2" branch="false"/>
								<line number="13" hits="2" branch="false"/>
								<line number="14" hits="2" branch="false"/>
								<line number="16" hits="2" branch="false"/>
								<line number="17" hits="2" branch="false"/>
								<line number="18" hits="2" branch="false"/>
								<line number="19" hits="2" branch="false"/>
								<line number="20" hits="2" branch="false"/>
								<line number="21" hits="2" branch="false"/>
								<line number="22" hits="2" branch="false"/>
								<line number="23" hits="2" branch="false"/>
								<line number="24" hits="2" branch="false"/>
								<line number="25" hits="2" branch="false"/>
								<line number="26" hits="2" branch="false"/>
								<line number="27" hits="2" branch="false"/>
							</lines>
						</method>
						<method name="&lt;init&gt;" signature="(Ljava/lang/String;ILjava/lang/String;)V" line-rate="1.0" branch-rate="1.0" complexity="0">
							<lines>
								<line number="31" hits="34" branch="false"/>
								<line number="32" hits="34" branch="false"/>
								<line number="33" hits="34" branch="false"/>
							</lines>
						</method>
						<method name="getPattern" signature="()Ljava/util/regex/Pattern;" line-rate="1.0" branch-rate="1.0" complexity="0">
							<lines>
								<line number="36" hits="6106" branch="false"/>
							</lines>
						</method>
						<method name="valueOf" signature="(Ljava/lang/String;)Lcom/tianshouzhi/dragon/ha/sqltype/SqlType;" line-rate="1.0" branch-rate="1.0" complexity="0">
							<lines>
							</lines>
						</method>
						<method name="values" signature="()[Lcom/tianshouzhi/dragon/ha/sqltype/SqlType;" line-rate="1.0" branch-rate="1.0" complexity="0">
							<lines>
							</lines>
						</method>
					</methods>
					<lines>
						<line number="8" hits="6030" branch="false"/>
						<line number="10" hits="2" branch="false"/>
						<line number="11" hits="2" branch="false"/>
						<line number="12" hits="2" branch="false"/>
						<line number="13" hits="2" branch="false"/>
						<line number="14" hits="2" branch="false"/>
						<line number="16" hits="2" branch="false"/>
						<line number="17" hits="2" branch="false"/>
						<line number="18" hits="2" branch="false"/>
						<line number="19" hits="2" branch="false"/>
						<line number="20" hits="2" branch="false"/>
						<line number="21" hits="2" branch="false"/>
						<line number="22" hits="2" branch="false"/>
						<line number="23" hits="2" branch="false"/>
						<line number="24" hits="2" branch="false"/>
						<line number="25" hits="2" branch="false"/>
						<line number="26" hits="2" branch="false"/>
						<line number="27" hits="2" branch="false"/>
						<line number="31" hits="34" branch="false"/>
						<line number="32" hits="34" branch="false"/>
						<line number="33" hits="34" branch="false"/>
						<line number="36" hits="6106" branch="false"/>
					</lines>
				</class>
				<class name="com.tianshouzhi.dragon.ha.sqltype.SqlTypeUtil" filename="com/tianshouzhi/dragon/ha/sqltype/SqlTypeUtil.java" line-rate="0.88" branch-rate="0.8461538461538461" complexity="13.5">
					<methods>
						<method name="&lt;clinit&gt;" signature="()V" line-rate="1.0" branch-rate="1.0" complexity="0">
							<lines>
								<line number="16" hits="2" branch="false"/>
								<line number="17" hits="2" branch="false"/>
							</lines>
						</method>
						<method name="&lt;init&gt;" signature="()V" line-rate="0.0" branch-rate="1.0" complexity="0">
							<lines>
								<line number="15" hits="0" branch="false"/>
								<line number="59" hits="0" branch="false"/>
							</lines>
						</method>
						<method name="isQuery" signature="(Ljava/lang/String;Z)Z" line-rate="1.0" branch-rate="0.8888888888888888" complexity="0">
							<lines>
								<line number="26" hits="6026" branch="false"/>
								<line number="27" hits="6026" branch="true" condition-coverage="100% (2/2)">
									<conditions>
										<condition number="0" type="jump" coverage="100%"/>
									</conditions>
								</line>
								<line number="28" hits="10" branch="false"/>
								<line number="30" hits="6026" branch="true" condition-coverage="100% (2/2)">
									<conditions>
										<condition number="0" type="jump" coverage="100%"/>
									</conditions>
								</line>
								<line number="31" hits="2" branch="false"/>
								<line number="32" hits="2" branch="false"/>
								<line number="36" hits="6024" branch="false"/>
								<line number="37" hits="6024" branch="true" condition-coverage="66% (2/3)">
									<conditions>
										<condition number="0" type="switch" coverage="66%"/>
									</conditions>
								</line>
								<line number="44" hits="6010" branch="false"/>
								<line number="45" hits="6010" branch="false"/>
								<line number="58" hits="14" branch="false"/>
								<line number="61" hits="6024" branch="true" condition-coverage="100% (2/2)">
									<conditions>
										<condition number="0" type="jump" coverage="100%"/>
									</conditions>
								</line>
								<line number="62" hits="8" branch="false"/>
								<line number="64" hits="6024" branch="false"/>
							</lines>
						</method>
						<method name="parseSqlType" signature="(Ljava/lang/String;)Lcom/tianshouzhi/dragon/ha/sqltype/SqlType;" line-rate="0.8571428571428571" branch-rate="0.75" complexity="0">
							<lines>
								<line number="69" hits="6024" branch="false"/>
								<line number="70" hits="6106" branch="true" condition-coverage="50% (1/2)">
									<conditions>
										<condition number="0" type="jump" coverage="50%"/>
									</conditions>
								</line>
								<line number="71" hits="6106" branch="false"/>
								<line number="72" hits="6106" branch="false"/>
								<line number="73" hits="6106" branch="true" condition-coverage="100% (2/2)">
									<conditions>
										<condition number="0" type="jump" coverage="100%"/>
									</conditions>
								</line>
								<line number="74" hits="6024" branch="false"/>
								<line number="77" hits="0" branch="false"/>
							</lines>
						</method>
					</methods>
					<lines>
						<line number="15" hits="0" branch="false"/>
						<line number="16" hits="2" branch="false"/>
						<line number="17" hits="2" branch="false"/>
						<line number="26" hits="6026" branch="false"/>
						<line number="27" hits="6026" branch="true" condition-coverage="100% (2/2)">
							<conditions>
								<condition number="0" type="jump" coverage="100%"/>
							</conditions>
						</line>
						<line number="28" hits="10" branch="false"/>
						<line number="30" hits="6026" branch="true" condition-coverage="100% (2/2)">
							<conditions>
								<condition number="0" type="jump" coverage="100%"/>
							</conditions>
						</line>
						<line number="31" hits="2" branch="false"/>
						<line number="32" hits="2" branch="false"/>
						<line number="36" hits="6024" branch="false"/>
						<line number="37" hits="6024" branch="true" condition-coverage="66% (2/3)">
							<conditions>
								<condition number="0" type="switch" coverage="66%"/>
							</conditions>
						</line>
						<line number="44" hits="6010" branch="false"/>
						<line number="45" hits="6010" branch="false"/>
						<line number="58" hits="14" branch="false"/>
						<line number="59" hits="0" branch="false"/>
						<line number="61" hits="6024" branch="true" condition-coverage="100% (2/2)">
							<conditions>
								<condition number="0" type="jump" coverage="100%"/>
							</conditions>
						</line>
						<line number="62" hits="8" branch="false"/>
						<line number="64" hits="6024" branch="false"/>
						<line number="69" hits="6024" branch="false"/>
						<line number="70" hits="6106" branch="true" condition-coverage="50% (1/2)">
							<conditions>
								<condition number="0" type="jump" coverage="50%"/>
							</conditions>
						</line>
						<line number="71" hits="6106" branch="false"/>
						<line number="72" hits="6106" branch="false"/>
						<line number="73" hits="6106" branch="true" condition-coverage="100% (2/2)">
							<conditions>
								<condition number="0" type="jump" coverage="100%"/>
							</conditions>
						</line>
						<line number="74" hits="6024" branch="false"/>
						<line number="77" hits="0" branch="false"/>
					</lines>
				</class>
				<class name="com.tianshouzhi.dragon.ha.sqltype.SqlTypeUtil$1" filename="com/tianshouzhi/dragon/ha/sqltype/SqlTypeUtil.java" line-rate="1.0" branch-rate="1.0" complexity="13.5">
					<methods>
						<method name="&lt;clinit&gt;" signature="()V" line-rate="1.0" branch-rate="1.0" complexity="0">
							<lines>
								<line number="37" hits="2" branch="false"/>
							</lines>
						</method>
					</methods>
					<lines>
						<line number="37" hits="2" branch="false"/>
					</lines>
				</class>
			</classes>
		</package>
	</packages>
</coverage>
