<?xml version="1.0"?>
<!DOCTYPE coverage SYSTEM "http://cobertura.sourceforge.net/xml/coverage-04.dtd">

<coverage line-rate="0.0" branch-rate="1.0" lines-covered="0" lines-valid="3" branches-covered="0" branches-valid="0" complexity="1.0" version="2.1.1" timestamp="1482288750646">
	<sources>
		<source>--source</source>
		<source>D:/git/dragon/dragon-sqlparser/src/main/java</source>
	</sources>
	<packages>
		<package name="com.tianshouzhi.dragon.sqlparser" line-rate="0.0" branch-rate="1.0" complexity="0.0">
			<classes>
				<class name="com.tianshouzhi.dragon.sqlparser.SqlParserUtil" filename="com/tianshouzhi/dragon/sqlparser/SqlParserUtil.java" line-rate="0.0" branch-rate="1.0" complexity="0.0">
					<methods>
						<method name="&lt;init&gt;" signature="()V" line-rate="0.0" branch-rate="1.0" complexity="0">
							<lines>
								<line number="6" hits="0" branch="false"/>
							</lines>
						</method>
					</methods>
					<lines>
						<line number="6" hits="0" branch="false"/>
					</lines>
				</class>
			</classes>
		</package>
		<package name="com.tianshouzhi.dragon.sqlparser.ast" line-rate="1.0" branch-rate="1.0" complexity="0.0">
			<classes>
				<class name="com.tianshouzhi.dragon.sqlparser.ast.SQLStatement" filename="com/tianshouzhi/dragon/sqlparser/ast/SQLStatement.java" line-rate="1.0" branch-rate="1.0" complexity="0.0">
					<methods>
					</methods>
					<lines>
					</lines>
				</class>
			</classes>
		</package>
		<package name="com.tianshouzhi.dragon.sqlparser.parser" line-rate="1.0" branch-rate="1.0" complexity="1.0">
			<classes>
				<class name="com.tianshouzhi.dragon.sqlparser.parser.SQLStatementParser" filename="com/tianshouzhi/dragon/sqlparser/parser/SQLStatementParser.java" line-rate="1.0" branch-rate="1.0" complexity="1.0">
					<methods>
					</methods>
					<lines>
					</lines>
				</class>
			</classes>
		</package>
		<package name="com.tianshouzhi.dragon.sqlparser.parser.dialect" line-rate="0.0" branch-rate="1.0" complexity="1.0">
			<classes>
				<class name="com.tianshouzhi.dragon.sqlparser.parser.dialect.MysqlSQLStatementParser" filename="com/tianshouzhi/dragon/sqlparser/parser/dialect/MysqlSQLStatementParser.java" line-rate="0.0" branch-rate="1.0" complexity="1.0">
					<methods>
						<method name="&lt;init&gt;" signature="()V" line-rate="0.0" branch-rate="1.0" complexity="0">
							<lines>
								<line number="9" hits="0" branch="false"/>
							</lines>
						</method>
						<method name="parse" signature="(Ljava/lang/String;)Lcom/tianshouzhi/dragon/sqlparser/ast/SQLStatement;" line-rate="0.0" branch-rate="1.0" complexity="0">
							<lines>
								<line number="12" hits="0" branch="false"/>
							</lines>
						</method>
					</methods>
					<lines>
						<line number="9" hits="0" branch="false"/>
						<line number="12" hits="0" branch="false"/>
					</lines>
				</class>
			</classes>
		</package>
	</packages>
</coverage>
